ℹ Detected: PODCAST - feed.podbean
ℹ Podcast type: rss
ℹ Fetching RSS feed...
╭─────────────────────────────── Content Found ────────────────────────────────╮
│ PODCAST: The Pinball Show                                                    │
│                                                                              │
│ Found 203 episodes                                                           │
│                                                                              │
│ Preview:                                                                     │
│   • The Pinball Show Ep 186: The Best Pinball Of 2025, Holiday G...          │
│   • The Pinball Show Ep 185: Beetlejuice Vs. The Walking Dead Re...          │
│   • The Pinball Show Ep 184: Beetlejuice & The Walking Dead Rema...          │
│   • The Pinball Show Ep 183: Winchester Mystery House & 2025 Pin...          │
│   • The Pinball Show Ep 182: The Star Wars: Fall Of The Empire E...          │
│   ... and 198 more                                                           │
╰──────────────────────────────────────────────────────────────────────────────╯
ℹ Downloading 203 episodes to /Users/calsheimer/Desktop/content 
archiver/podcasts/The_Pinball_Show

[1/203] The Pinball Show Ep 186: The Best Pinball Of 2025, Holiday Giveaways, & 
Other Pindustry News
  The Pinball Show Ep 186: The Best Pinbal ━━━━━━━━━ 312.0/31… 16.2 MB/s 0:00:00
                                                     MB                         
✓ Downloaded: The Pinball Show Ep 186: The Best Pinball Of 2025, Holiday 
Giveaways, & Other Pindustry News

[2/203] The Pinball Show Ep 185: Beetlejuice Vs. The Walking Dead Remastered
  The Pinball Show Ep 185: Beetlejuice Vs. ━━━━━━━━━ 257.8/25… 13.5 MB/s 0:00:00
                                                     MB                         
✓ Downloaded: The Pinball Show Ep 185: Beetlejuice Vs. The Walking Dead 
Remastered

[3/203] The Pinball Show Ep 184: Beetlejuice & The Walking Dead Remastered 
Announced
  The Pinball Show Ep 184: Beetlejuice & T ━━━━━━━━━ 234.7/23… 18.8 MB/s 0:00:00
                                                     MB                         
✓ Downloaded: The Pinball Show Ep 184: Beetlejuice & The Walking Dead Remastered
Announced

[4/203] The Pinball Show Ep 183: Winchester Mystery House & 2025 Pinball Expo
  The Pinball Show Ep 183: Winchester Myst ━━━━━━━━━ 95.0/95.0 66.6 MB/s 0:00:00
                                                     MB                         
✓ Downloaded: The Pinball Show Ep 183: Winchester Mystery House & 2025 Pinball 
Expo

[5/203] The Pinball Show Ep 182: The Star Wars: Fall Of The Empire Episode
  The Pinball Show Ep 182: The Star Wars:  ━━━━━━━━━ 238.8/23… 19.8 MB/s 0:00:00
                                                     MB                         
✓ Downloaded: The Pinball Show Ep 182: The Star Wars: Fall Of The Empire Episode

[6/203] The Pinball Show Ep 181: Season Of The Empire
  The Pinball Show Ep 181: Season Of The E ━━━━━━━━━ 71.4/71.4 16.0 MB/s 0:00:00
                                                     MB                         
✓ Downloaded: The Pinball Show Ep 181: Season Of The Empire

[7/203] The Pinball Show Ep 180: From Birth To Retirement
  The Pinball Show Ep 180: From Birth To R ━━━━━━━━━ 195.2/19… 22.5 MB/s 0:00:00
                                                     MB                         
✓ Downloaded: The Pinball Show Ep 180: From Birth To Retirement

[8/203] The Pinball Show Ep 179: Video Killed The Radio Star
  The Pinball Show Ep 179: Video Killed Th ━━━━━━━━━━ 102.3/10… 8.2 MB/s 0:00:00
                                                      MB                        
✓ Downloaded: The Pinball Show Ep 179: Video Killed The Radio Star

[9/203] The Pinball Show Ep 178: Derpie Dragons, Arnold Doppelganger, & Mexican 
Ice Cream
  The Pinball Show Ep 178: Derpie Dragons, ━━━━━━━━━ 209.6/20… 86.3 MB/s 0:00:00
                                                     MB                         
✓ Downloaded: The Pinball Show Ep 178: Derpie Dragons, Arnold Doppelganger, & 
Mexican Ice Cream

[10/203] The Pinball Show Ep 177: Trough Jam 2025 Phase 3: Harry Potter & 
Predator Pinball
  The Pinball Show Ep 177: Trough Jam 2025 ━━━━━━━━━ 237.9/23… 22.1 MB/s 0:00:00
                                                     MB                         
✓ Downloaded: The Pinball Show Ep 177: Trough Jam 2025 Phase 3: Harry Potter & 
Predator Pinball

[11/203] The Pinball Show Ep 176: Another Jaws? Another Star Wars? Another Tales
Of The Arabian Nights?
  The Pinball Show Ep 176: Another Jaws? A ━━━━━━━━━ 124.0/12… 18.5 MB/s 0:00:00
                                                     MB                         
✓ Downloaded: The Pinball Show Ep 176: Another Jaws? Another Star Wars? Another 
Tales Of The Arabian Nights?

[12/203] The Pinball Show Ep 175: Who Would Win? 100 Sandworms Vs 1 Gorilla
  The Pinball Show Ep 175: Who Would Win?  ━━━━━━━━━━ 175.3/17… 9.5 MB/s 0:00:00
                                                      MB                        
✓ Downloaded: The Pinball Show Ep 175: Who Would Win? 100 Sandworms Vs 1 Gorilla

[13/203] The Pinball Show Ep 174: Trough Jam 2025 Phase 2: Dune, King Kong, & 
More Potter Teases
  The Pinball Show Ep 174: Trough Jam 2025 ━━━━━━━━━━ 207.3/20… 8.5 MB/s 0:00:00
                                                      MB                        
✓ Downloaded: The Pinball Show Ep 174: Trough Jam 2025 Phase 2: Dune, King Kong,
& More Potter Teases

[14/203] The Pinball Show Ep 173: Trough Jam 2025 Phase 1: Portal, Potter, 
Merlins, & Tariffs
  The Pinball Show Ep 173: Trough Jam 2025 ━━━━━━━━━━ 307.9/30… 7.4 MB/s 0:00:00
                                                      MB                        
✓ Downloaded: The Pinball Show Ep 173: Trough Jam 2025 Phase 1: Portal, Potter, 
Merlins, & Tariffs

[15/203] The Pinball Show Ep 172: Things Are Heating Up
  The Pinball Show Ep 172: Things Are Heat ━━━━━━━━━ 177.9/17… 32.1 MB/s 0:00:00
                                                     MB                         
✓ Downloaded: The Pinball Show Ep 172: Things Are Heating Up

[16/203] The Pinball Show Ep 171: Tick Tock
  The Pinball Show Ep 171: Tick Tock ━━━━━━━━━━━━ 93.3/93.3 MB 14.8 MB/s 0:00:00
✓ Downloaded: The Pinball Show Ep 171: Tick Tock

[17/203] The Pinball Show Ep 170: Poof
  The Pinball Show Ep 170: Poof ━━━━━━━━━━━━━━━━ 182.3/182.3 MB 9.2 MB/s 0:00:00
✓ Downloaded: The Pinball Show Ep 170: Poof

[18/203] The Pinball Show Ep 169: Down The Rabbit Hole On A Sub-$1000 Pinball 
Machine
  The Pinball Show Ep 169: Down The Rabbit ━━━━━━━━━ 151.1/15… 14.1 MB/s 0:00:00
                                                     MB                         
✓ Downloaded: The Pinball Show Ep 169: Down The Rabbit Hole On A Sub-$1000 
Pinball Machine

[19/203] The Pinball Show Ep 168: Dungeons & Dragons & What's Coming To Pinball 
In 2025
  The Pinball Show Ep 168: Dungeons & Drag ━━━━━━━━━ 229.9/22… 13.0 MB/s 0:00:00
                                                     MB                         
✓ Downloaded: The Pinball Show Ep 168: Dungeons & Dragons & What's Coming To 
Pinball In 2025

[20/203] The Pinball Show Ep 167: The Best & Worst Of 2024 Pinball, A Year In 
Review
  The Pinball Show Ep 167: The Best & Wors ━━━━━━━━━ 260.0/26… 35.3 MB/s 0:00:00
                                                     MB                         
✓ Downloaded: The Pinball Show Ep 167: The Best & Worst Of 2024 Pinball, A Year 
In Review

[21/203] The Pinball Show Ep 166: A Holly, Not Always So Jolly, Pinball Show 
Christmas
  The Pinball Show Ep 166: A Holly, Not Al ━━━━━━━━━ 197.3/19… 18.7 MB/s 0:00:00
                                                     MB                         
✓ Downloaded: The Pinball Show Ep 166: A Holly, Not Always So Jolly, Pinball 
Show Christmas

[22/203] The Pinball Show Ep 165: HOLIDAY GIVEAWAY & Evil Dead Pinball
  The Pinball Show Ep 165: HOLIDAY GIVEAWA ━━━━━━━━━ 248.5/24… 13.7 MB/s 0:00:00
                                                     MB                         
✓ Downloaded: The Pinball Show Ep 165: HOLIDAY GIVEAWAY & Evil Dead Pinball

[23/203] The Pinball Show Ep 164: Yeah, I'm Thinking Yoko's Back!
  The Pinball Show Ep 164: Yeah, I'm Think ━━━━━━━━━ 157.8/15… 14.0 MB/s 0:00:00
                                                     MB                         
✓ Downloaded: The Pinball Show Ep 164: Yeah, I'm Thinking Yoko's Back!

[24/203] The Pinball Show Ep 163: Metallica Remastered, Alice In Wonderland, 
Space Hunt, Harry Potter, Tony Hawk, Saw, Ninja Eclipse, & More!
  The Pinball Show Ep 163: Metallica Remas ━━━━━━━━━ 267.3/26… 13.0 MB/s 0:00:00
                                                     MB                         
✓ Downloaded: The Pinball Show Ep 163: Metallica Remastered, Alice In 
Wonderland, Space Hunt, Harry Potter, Tony Hawk, Saw, Ninja Eclipse, & More!

[25/203] The Pinball Show Ep 162: Alice Does Wonderland
  The Pinball Show Ep 162: Alice Does Wond ━━━━━━━━━ 144.4/14… 20.1 MB/s 0:00:00
                                                     MB                         
✓ Downloaded: The Pinball Show Ep 162: Alice Does Wonderland

[26/203] The Pinball Show Ep 161: The JJP Avatar Episode
  The Pinball Show Ep 161: The JJP Avatar  ━━━━━━━━━ 155.2/15… 32.6 MB/s 0:00:00
                                                     MB                         
✓ Downloaded: The Pinball Show Ep 161: The JJP Avatar Episode

[27/203] The Pinball Show Ep 160: The Uncanny X-Men Episode
  The Pinball Show Ep 160: The Uncanny X-M ━━━━━━━━━ 241.6/24… 23.4 MB/s 0:00:00
                                                     MB                         
✓ Downloaded: The Pinball Show Ep 160: The Uncanny X-Men Episode

[28/203] The Pinball Show Ep 159: The Great Debate III: Logic Vs Emotion When 
Purchasing Pinball Machines
  The Pinball Show Ep 159: The Great Debat ━━━━━━━━━━ 184.4/18… 8.5 MB/s 0:00:00
                                                      MB                        
✓ Downloaded: The Pinball Show Ep 159: The Great Debate III: Logic Vs Emotion 
When Purchasing Pinball Machines

[29/203] The Pinball Show Ep 158: Liquid Deception
  The Pinball Show Ep 158: Liquid Deceptio ━━━━━━━━━ 159.5/15… 13.7 MB/s 0:00:00
                                                     MB                         
✓ Downloaded: The Pinball Show Ep 158: Liquid Deception

[30/203] The Pinball Show Ep 157: Godzilla 70th, How To Increase Product 
Collectibility, & JJP Game 10 Rumors
  The Pinball Show Ep 157: Godzilla 70th,  ━━━━━━━━━ 211.3/21… 10.9 MB/s 0:00:00
                                                     MB                         
✓ Downloaded: The Pinball Show Ep 157: Godzilla 70th, How To Increase Product 
Collectibility, & JJP Game 10 Rumors

[31/203] The Pinball Show Ep 156: Hawk Terry
  The Pinball Show Ep 156: Hawk Terry ━━━━━━━━━━━━ 220.8/220.8 19.0 MB/s 0:00:00
                                                   MB                           
✓ Downloaded: The Pinball Show Ep 156: Hawk Terry

[32/203] The Pinball Show Ep 155: Drowning Ferrets, Throwing Babies, & Sensual 
Plastic Sculpting
  The Pinball Show Ep 155: Drowning Ferret ━━━━━━━━━ 170.5/17… 17.1 MB/s 0:00:00
                                                     MB                         
✓ Downloaded: The Pinball Show Ep 155: Drowning Ferrets, Throwing Babies, & 
Sensual Plastic Sculpting

[33/203] The Pinball Show Ep 154: Pragmatic Peacock
  The Pinball Show Ep 154: Pragmatic Peaco ━━━━━━━━━ 187.2/18… 20.8 MB/s 0:00:00
                                                     MB                         
✓ Downloaded: The Pinball Show Ep 154: Pragmatic Peacock

[34/203] The Pinball Show Ep 153: Toity, Hoity, Shucksy, & Gomie
  The Pinball Show Ep 153: Toity, Hoity, S ━━━━━━━━━ 206.0/20… 54.6 MB/s 0:00:00
                                                     MB                         
✓ Downloaded: The Pinball Show Ep 153: Toity, Hoity, Shucksy, & Gomie

[35/203] The Pinball Show Ep 152: The Big John Wick Episode
  The Pinball Show Ep 152: The Big John Wi ━━━━━━━━━━ 140.2/14… 9.0 MB/s 0:00:00
                                                      MB                        
✓ Downloaded: The Pinball Show Ep 152: The Big John Wick Episode

[36/203] The Pinball Show Ep 151: How Many People Are Buying New Pinball 
Machines?
  The Pinball Show Ep 151: How Many People ━━━━━━━━━ 155.4/15… 22.2 MB/s 0:00:00
                                                     MB                         
✓ Downloaded: The Pinball Show Ep 151: How Many People Are Buying New Pinball 
Machines?

[37/203] The Pinball Show Ep 150: Trip Pinballs
  The Pinball Show Ep 150: Trip Pinballs ━━━━━━━━━━ 212.6/212… 10.0 MB/s 0:00:00
                                                    MB                          
✓ Downloaded: The Pinball Show Ep 150: Trip Pinballs

[38/203] The Pinball Show Ep 149.5: D&D
  The Pinball Show Ep 149.5: D&D ━━━━━━━━━━━━━━━━ 66.5/66.5 MB 21.1 MB/s 0:00:00
✓ Downloaded: The Pinball Show Ep 149.5: D&D

[39/203] The Pinball Show Ep 149: Challenged
  The Pinball Show Ep 149: Challenged ━━━━━━━━━━━━ 234.4/234.4  9.3 MB/s 0:00:00
                                                   MB                           
✓ Downloaded: The Pinball Show Ep 149: Challenged

[40/203] The Pinball Show Ep 148: Numbers Don't Why
  The Pinball Show Ep 148: Numbers Don't W ━━━━━━━━━━ 232.1/23… 9.9 MB/s 0:00:00
                                                      MB                        
✓ Downloaded: The Pinball Show Ep 148: Numbers Don't Why

[41/203] The Pinball Show Ep 147: Choppy Waters
  The Pinball Show Ep 147: Choppy Waters ━━━━━━━━━━ 193.7/193… 57.6 MB/s 0:00:00
                                                    MB                          
✓ Downloaded: The Pinball Show Ep 147: Choppy Waters

[42/203] The Pinball Show Ep 146: Is AI Trying To Purchase American Pinball?
  The Pinball Show Ep 146: Is AI Trying To ━━━━━━━━━ 190.0/19… 48.8 MB/s 0:00:00
                                                     MB                         
✓ Downloaded: The Pinball Show Ep 146: Is AI Trying To Purchase American 
Pinball?

[43/203] The Pinball Show Ep 145: Shark No Eat Ball
  The Pinball Show Ep 145: Shark No Eat Ba ━━━━━━━━━ 160.1/16… 46.8 MB/s 0:00:00
                                                     MB                         
✓ Downloaded: The Pinball Show Ep 145: Shark No Eat Ball

[44/203] The Pinball Show Ep 144: The Big Jaws Episode
  The Pinball Show Ep 144: The Big Jaws Ep ━━━━━━━━━ 178.7/17… 13.6 MB/s 0:00:00
                                                     MB                         
✓ Downloaded: The Pinball Show Ep 144: The Big Jaws Episode

[45/203] The Pinball Show Ep 143: The Best Pinball Of 2023 & The Death Of 
Pinball Award Shows
  The Pinball Show Ep 143: The Best Pinbal ━━━━━━━━━━ 230.2/23… 7.1 MB/s 0:00:00
                                                      MB                        
✓ Downloaded: The Pinball Show Ep 143: The Best Pinball Of 2023 & The Death Of 
Pinball Award Shows

[46/203] The Pinball Show Ep 142: WIN A Topper, Playfield, Armor, & More - 
HOLIDAY GIVEAWAY + 2023 Full Industry Analysis
  The Pinball Show Ep 142: WIN A Topper, P ━━━━━━━━━ 254.0/25… 16.9 MB/s 0:00:00
                                                     MB                         
✓ Downloaded: The Pinball Show Ep 142: WIN A Topper, Playfield, Armor, & More - 
HOLIDAY GIVEAWAY + 2023 Full Industry Analysis

[47/203] The Pinball Show Ep 141: Pinball Turkey Trends
  The Pinball Show Ep 141: Pinball Turkey  ━━━━━━━━━ 164.2/16… 10.3 MB/s 0:00:00
                                                     MB                         
✓ Downloaded: The Pinball Show Ep 141: Pinball Turkey Trends

[48/203] The Pinball Show Ep 140: Is The Sky Falling In Pinball?
  The Pinball Show Ep 140: Is The Sky Fall ━━━━━━━━━ 168.1/16… 22.1 MB/s 0:00:00
                                                     MB                         
✓ Downloaded: The Pinball Show Ep 140: Is The Sky Falling In Pinball?

[49/203] The Pinball Show Ep 139: Labyrinth, Elton John, Elvira’s Blood Red 
Kiss, Ninja Eclipse, Elements, & More!
  The Pinball Show Ep 139: Labyrinth, Elto ━━━━━━━━━ 149.1/14… 55.8 MB/s 0:00:00
                                                     MB                         
✓ Downloaded: The Pinball Show Ep 139: Labyrinth, Elton John, Elvira’s Blood Red
Kiss, Ninja Eclipse, Elements, & More!

[50/203] The Pinball Show Ep 138: The Flipper Finger Analysis
  The Pinball Show Ep 138: The Flipper Fin ━━━━━━━━━ 177.0/17… 16.9 MB/s 0:00:00
                                                     MB                         
✓ Downloaded: The Pinball Show Ep 138: The Flipper Finger Analysis

[51/203] The Pinball Show Ep 137: Soft Dogs & Cold Takes
  The Pinball Show Ep 137: Soft Dogs & Col ━━━━━━━━━ 174.7/17… 20.2 MB/s 0:00:00
                                                     MB                         
✓ Downloaded: The Pinball Show Ep 137: Soft Dogs & Cold Takes

[52/203] The Pinball Show Ep 136: Hate To Burst Your Bubble, But The Bubble 
Hasn’t Bursted
  The Pinball Show Ep 136: Hate To Burst Y ━━━━━━━━━ 199.1/19… 12.6 MB/s 0:00:00
                                                     MB                         
✓ Downloaded: The Pinball Show Ep 136: Hate To Burst Your Bubble, But The Bubble
Hasn’t Bursted

[53/203] The Pinball Show Ep 135: Where Is Pinball Heading?
  The Pinball Show Ep 135: Where Is Pinbal ━━━━━━━━━ 181.9/18… 22.3 MB/s 0:00:00
                                                     MB                         
✓ Downloaded: The Pinball Show Ep 135: Where Is Pinball Heading?

[54/203] The Pinball Show Ep 134: Rumor Fatigue, The Current Pinball Market 
Landscape, & Hogwash Pinball
  The Pinball Show Ep 134: Rumor Fatigue,  ━━━━━━━━━ 219.7/21… 48.6 MB/s 0:00:00
                                                     MB                         
✓ Downloaded: The Pinball Show Ep 134: Rumor Fatigue, The Current Pinball Market
Landscape, & Hogwash Pinball

[55/203] The Pinball Show Ep 133: The Venom Episode
  The Pinball Show Ep 133: The Venom Episo ━━━━━━━━━ 114.8/11… 25.6 MB/s 0:00:00
                                                     MB                         
✓ Downloaded: The Pinball Show Ep 133: The Venom Episode

[56/203] The Pinball Show Ep 133 Preview: The Venom Episode
  The Pinball Show Ep 133 Preview: The Ven ━━━━━━━━━ 37.1/37.1 20.9 MB/s 0:00:00
                                                     MB                         
✓ Downloaded: The Pinball Show Ep 133 Preview: The Venom Episode

[57/203] The Pinball Show Ep 132: Venom Revisited & Presidential Toppers
  The Pinball Show Ep 132: Venom Revisited ━━━━━━━━━━ 301.3/30… 7.3 MB/s 0:00:00
                                                      MB                        
✓ Downloaded: The Pinball Show Ep 132: Venom Revisited & Presidential Toppers

[58/203] The Pinball Show Ep 131: I Live My Life A Quarter Ramp At A Time
  The Pinball Show Ep 131: I Live My Life  ━━━━━━━━━ 156.0/15… 11.1 MB/s 0:00:00
                                                     MB                         
✓ Downloaded: The Pinball Show Ep 131: I Live My Life A Quarter Ramp At A Time

[59/203] The Pinball Show Ep 130: Into The Pini-Verse
  The Pinball Show Ep 130: Into The Pini-V ━━━━━━━━━━ 218.0/21… 7.0 MB/s 0:00:00
                                                      MB                        
✓ Downloaded: The Pinball Show Ep 130: Into The Pini-Verse

[60/203] The Pinball Show Ep 129: PLUME...HUNT!
  The Pinball Show Ep 129: PLUME...HUNT! ━━━━━━━━━━ 222.3/222… 13.4 MB/s 0:00:00
                                                    MB                          
✓ Downloaded: The Pinball Show Ep 129: PLUME...HUNT!

[61/203] The Pinball Show Ep 128: Harry Potter & The Squirt Of Passion
  The Pinball Show Ep 128: Harry Potter &  ━━━━━━━━━ 225.8/22… 56.9 MB/s 0:00:00
                                                     MB                         
✓ Downloaded: The Pinball Show Ep 128: Harry Potter & The Squirt Of Passion

[62/203] The Pinball Show Ep 127.5: Is Harry Potter Pinball Really Happening?!
  The Pinball Show Ep 127.5: Is Harry Pott ━━━━━━━━━ 9.1/9.1   10.0 MB/s 0:00:00
                                                     MB                         
✓ Downloaded: The Pinball Show Ep 127.5: Is Harry Potter Pinball Really 
Happening?!

[63/203] The Pinball Show Ep 127: The Death Of 1 & The Birth Of 2.0
  The Pinball Show Ep 127: The Death Of 1  ━━━━━━━━━ 171.4/17… 10.3 MB/s 0:00:00
                                                     MB                         
✓ Downloaded: The Pinball Show Ep 127: The Death Of 1 & The Birth Of 2.0

[64/203] The Pinball Show Ep 126: Paywall Polos, Punny Business, & THIS Is 
Spinal Tap?
  The Pinball Show Ep 126: Paywall Polos,  ━━━━━━━━━ 203.0/20… 12.9 MB/s 0:00:00
                                                     MB                         
✓ Downloaded: The Pinball Show Ep 126: Paywall Polos, Punny Business, & THIS Is 
Spinal Tap?

[65/203] The Pinball Show Ep 125: Ranking The Big 5: FOO, TNA2, TGF, GTF, PF + 
TPS! 2.0
  The Pinball Show Ep 125: Ranking The Big ━━━━━━━━━ 209.9/20… 15.0 MB/s 0:00:00
                                                     MB                         
✓ Downloaded: The Pinball Show Ep 125: Ranking The Big 5: FOO, TNA2, TGF, GTF, 
PF + TPS! 2.0

[66/203] The Pinball Show Ep 124: Foo Fighters VS The Godfather VS GTF! VS TNA 
2: Carbon Copy
  The Pinball Show Ep 124: Foo Fighters VS ━━━━━━━━━ 259.2/25… 12.9 MB/s 0:00:00
                                                     MB                         
✓ Downloaded: The Pinball Show Ep 124: Foo Fighters VS The Godfather VS GTF! VS 
TNA 2: Carbon Copy

[67/203] The Pinball Show Ep 123: Pinball Heart On
  The Pinball Show Ep 123: Pinball Heart O ━━━━━━━━━ 178.7/17… 13.0 MB/s 0:00:00
                                                     MB                         
✓ Downloaded: The Pinball Show Ep 123: Pinball Heart On

[68/203] The Pinball Show Ep 122 Part 2: Witch’s Poutine
  The Pinball Show Ep 122 Part 2: Witch’s  ━━━━━━━━━ 139.0/13… 43.8 MB/s 0:00:00
                                                     MB                         
✓ Downloaded: The Pinball Show Ep 122 Part 2: Witch’s Poutine

[69/203] The Pinball Show Ep 122 Part 1: Colder Than A...
  The Pinball Show Ep 122 Part 1: Colder T ━━━━━━━━━ 152.5/15… 16.1 MB/s 0:00:00
                                                     MB                         
✓ Downloaded: The Pinball Show Ep 122 Part 1: Colder Than A...

[70/203] The Pinball Show Ep 121 Part 2: From BUY Now! To CRY Now! #crycrycry
  The Pinball Show Ep 121 Part 2: From BUY ━━━━━━━━━━ 161.6/16… 8.7 MB/s 0:00:00
                                                      MB                        
✓ Downloaded: The Pinball Show Ep 121 Part 2: From BUY Now! To CRY Now! 
#crycrycry

[71/203] The Pinball Show Ep 121 Part 1: James Bond 60th - License To Shill Or 
Dr. Hell No
  The Pinball Show Ep 121 Part 1: James Bo ━━━━━━━━━━ 107.5/10… 6.5 MB/s 0:00:00
                                                      MB                        
✓ Downloaded: The Pinball Show Ep 121 Part 1: James Bond 60th - License To Shill
Or Dr. Hell No

[72/203] The Pinball Show Ep 120 Part 3: The Ice Cream Sundae
  The Pinball Show Ep 120 Part 3: The Ice  ━━━━━━━━━ 83.5/83.5 11.5 MB/s 0:00:00
                                                     MB                         
✓ Downloaded: The Pinball Show Ep 120 Part 3: The Ice Cream Sundae

[73/203] The Pinball Show Ep 120 Part 2: The Potatoes
  The Pinball Show Ep 120 Part 2: The Pota ━━━━━━━━━━ 120.3/12… 8.4 MB/s 0:00:00
                                                      MB                        
✓ Downloaded: The Pinball Show Ep 120 Part 2: The Potatoes

[74/203] The Pinball Show Ep 120 Part 1: The Meat
  The Pinball Show Ep 120 Part 1: The Meat ━━━━━━━━━━ 102.7/10… 5.0 MB/s 0:00:00
                                                      MB                        
✓ Downloaded: The Pinball Show Ep 120 Part 1: The Meat

[75/203] The Pinball Show Ep 119: Big Gifts, Big Prizes, & Big Stern Production 
Updates
  The Pinball Show Ep 119: Big Gifts, Big  ━━━━━━━━━ 166.0/16… 14.4 MB/s 0:00:00
                                                     MB                         
✓ Downloaded: The Pinball Show Ep 119: Big Gifts, Big Prizes, & Big Stern 
Production Updates

[76/203] The Pinball Show: Scooby Doo Pinball w/Bug & Spooky Luke
  The Pinball Show: Scooby Doo Pinball w/B ━━━━━━━━━ 190.5/19… 10.9 MB/s 0:00:00
                                                     MB                         
✓ Downloaded: The Pinball Show: Scooby Doo Pinball w/Bug & Spooky Luke

[77/203] The Pinball Show Ep 118: Scooby Doo And The Mystery Of The Never Ending
Pasta Bowl
  The Pinball Show Ep 118: Scooby Doo And  ━━━━━━━━━ 208.8/20… 12.2 MB/s 0:00:00
                                                     MB                         
✓ Downloaded: The Pinball Show Ep 118: Scooby Doo And The Mystery Of The Never 
Ending Pasta Bowl

[78/203] The Pinball Show Ep 117: Danksgiving
  The Pinball Show Ep 117: Danksgiving ━━━━━━━━━━━ 202.0/202.0 15.3 MB/s 0:00:00
                                                   MB                           
✓ Downloaded: The Pinball Show Ep 117: Danksgiving

[79/203] The Pinball Show Ep 116: Fashionably Informative
  The Pinball Show Ep 116: Fashionably Inf ━━━━━━━━━ 209.7/20… 13.0 MB/s 0:00:00
                                                     MB                         
✓ Downloaded: The Pinball Show Ep 116: Fashionably Informative

[80/203] The Pinball Show Ep 115: For Just The Cost Of 400 Cups Of Coffee + Tax,
Shipping, & Electricity
  The Pinball Show Ep 115: For Just The Co ━━━━━━━━━ 211.6/21… 66.6 MB/s 0:00:00
                                                     MB                         
✓ Downloaded: The Pinball Show Ep 115: For Just The Cost Of 400 Cups Of Coffee +
Tax, Shipping, & Electricity

[81/203] The Pinball Show: Top Stories - October 17, 2022
  The Pinball Show: Top Stories - October  ━━━━━━━━━ 8.9/8.9   39.9 MB/s 0:00:00
                                                     MB                         
✓ Downloaded: The Pinball Show: Top Stories - October 17, 2022

[82/203] The Pinball Show Ep 114:  I’m Confused, But Is It Really The Drugs?
  The Pinball Show Ep 114:  I’m Confused,  ━━━━━━━━━ 211.0/21… 16.6 MB/s 0:00:00
                                                     MB                         
✓ Downloaded: The Pinball Show Ep 114:  I’m Confused, But Is It Really The 
Drugs?

[83/203] The Pinball Show Ep 113: The Big James Bond 007 Episode
  The Pinball Show Ep 113: The Big James B ━━━━━━━━━━ 225.7/22… 8.1 MB/s 0:00:00
                                                      MB                        
✓ Downloaded: The Pinball Show Ep 113: The Big James Bond 007 Episode

[84/203] The Pinball Show: Top Stories - September 19, 2022
  The Pinball Show: Top Stories - Septembe ━━━━━━━━━ 17.4/17.4 48.1 MB/s 0:00:00
                                                     MB                         
✓ Downloaded: The Pinball Show: Top Stories - September 19, 2022

[85/203] The Pinball Show Ep 112: Shaken Soon
  The Pinball Show Ep 112: Shaken Soon ━━━━━━━━━━━━ 177.3/177.3 5.0 MB/s 0:00:00
                                                    MB                          
✓ Downloaded: The Pinball Show Ep 112: Shaken Soon

[86/203] The Pinball Show Ep 111: Bridging The Pinball Gaps
  The Pinball Show Ep 111: Bridging The Pi ━━━━━━━━━━ 160.3/16… 2.9 MB/s 0:00:00
                                                      MB                        
✓ Downloaded: The Pinball Show Ep 111: Bridging The Pinball Gaps

[87/203] The Pinball Show Ep 110: The Better Half
  The Pinball Show Ep 110: The Better Half ━━━━━━━━━ 109.6/10… 18.0 MB/s 0:00:00
                                                     MB                         
✓ Downloaded: The Pinball Show Ep 110: The Better Half

[88/203] The Pinball Show Ep 109: Mom’s Spaghetti
  The Pinball Show Ep 109: Mom’s Spaghetti ━━━━━━━━━━ 214.9/21… 9.9 MB/s 0:00:00
                                                      MB                        
✓ Downloaded: The Pinball Show Ep 109: Mom’s Spaghetti

[89/203] The Pinball Show Ep 108: Bye Buddy, Hope You Find Your Home Team
  The Pinball Show Ep 108: Bye Buddy, Hope ━━━━━━━━━ 74.7/74.7 12.7 MB/s 0:00:00
                                                     MB                         
✓ Downloaded: The Pinball Show Ep 108: Bye Buddy, Hope You Find Your Home Team

[90/203] A Special Pinball Show Tribute To Wayne Neyens
  A Special Pinball Show Tribute To Wayne  ━━━━━━━━━━ 27.6/27.6 6.7 MB/s 0:00:00
                                                      MB                        
✓ Downloaded: A Special Pinball Show Tribute To Wayne Neyens

[91/203] The Pinball Show Ep 107: The Passing Of A Pinball Pioneer & Industry 
Updates
  The Pinball Show Ep 107: The Passing Of  ━━━━━━━━━━ 195.0/19… 6.2 MB/s 0:00:00
                                                      MB                        
✓ Downloaded: The Pinball Show Ep 107: The Passing Of A Pinball Pioneer & 
Industry Updates

[92/203] The Pinball Show Ep 106: Queen Pinball Reveal & Common Sense Business 
Practices
  The Pinball Show Ep 106: Queen Pinball R ━━━━━━━━━ 206.3/20… 15.0 MB/s 0:00:00
                                                     MB                         
✓ Downloaded: The Pinball Show Ep 106: Queen Pinball Reveal & Common Sense 
Business Practices

[93/203] The Pinball Show Ep 105: Rumor Corner
  The Pinball Show Ep 105: Rumor Corner ━━━━━━━━━━ 73.3/73.3   14.8 MB/s 0:00:00
                                                   MB                           
✓ Downloaded: The Pinball Show Ep 105: Rumor Corner

[94/203] The Pinball Show Ep 104: BPE
  The Pinball Show Ep 104: BPE ━━━━━━━━━━━━━━━━ 105.0/105.0 MB 15.5 MB/s 0:00:00
✓ Downloaded: The Pinball Show Ep 104: BPE

[95/203] The Pinball Show Ep 103: Toy Story 4 Release, Analysis, & Reactions
  The Pinball Show Ep 103: Toy Story 4 Rel ━━━━━━━━━━ 218.7/21… 3.8 MB/s 0:00:00
                                                      MB                        
✓ Downloaded: The Pinball Show Ep 103: Toy Story 4 Release, Analysis, & 
Reactions

[96/203] The Pinball Show Ep 102: Let It Go
  The Pinball Show Ep 102: Let It Go ━━━━━━━━━━━━ 171.6/171.6  10.9 MB/s 0:00:00
                                                  MB                            
✓ Downloaded: The Pinball Show Ep 102: Let It Go

[97/203] The Pinball Show Ep 101: Conceding Satisfaction & Wrastlin’ Gators
  The Pinball Show Ep 101: Conceding Satis ━━━━━━━━━ 172.3/17… 13.3 MB/s 0:00:00
                                                     MB                         
✓ Downloaded: The Pinball Show Ep 101: Conceding Satisfaction & Wrastlin’ Gators

[98/203] The Pinball Show Ep 100: Pinball Market Trends 2.0, Slappin’ That 
Glass, & Top 5 Game Investments
  The Pinball Show Ep 100: Pinball Market  ━━━━━━━━━━ 212.4/21… 4.5 MB/s 0:00:00
                                                      MB                        
✓ Downloaded: The Pinball Show Ep 100: Pinball Market Trends 2.0, Slappin’ That 
Glass, & Top 5 Game Investments

[99/203] The Pinball Show Ep 99: Pinball Manifesto & The Amazing Andrew Moskos
  The Pinball Show Ep 99: Pinball Manifest ━━━━━━━━━ 167.5/16… 10.3 MB/s 0:00:00
                                                     MB                         
✓ Downloaded: The Pinball Show Ep 99: Pinball Manifesto & The Amazing Andrew 
Moskos

[100/203] The Pinball Show Ep 98: Stairway To Hydra, Chewbacca Jesus, & Spirit 
Pudding
  The Pinball Show Ep 98: Stairway To Hydr ━━━━━━━━━━ 223.2/22… 8.1 MB/s 0:00:00
                                                      MB                        
✓ Downloaded: The Pinball Show Ep 98: Stairway To Hydra, Chewbacca Jesus, & 
Spirit Pudding

[101/203] The Pinball Show Ep 97: Spirit Animals
  The Pinball Show Ep 97: Spirit Animals ━━━━━━━━━━ 157.6/157… 11.2 MB/s 0:00:00
                                                    MB                          
✓ Downloaded: The Pinball Show Ep 97: Spirit Animals

[102/203] The Pinball Show: Uprooting Deeproot - Part 1
  The Pinball Show: Uprooting Deeproot - P ━━━━━━━━━━ 211.9/21… 9.1 MB/s 0:00:00
                                                      MB                        
✓ Downloaded: The Pinball Show: Uprooting Deeproot - Part 1

[103/203] The Pinball Show Ep 96: Return Of The Zach
  The Pinball Show Ep 96: Return Of The Za ━━━━━━━━━ 293.2/29… 13.0 MB/s 0:00:00
                                                     MB                         
✓ Downloaded: The Pinball Show Ep 96: Return Of The Zach

[104/203] The Pinball Show Ep 95: Texas Two-Step
  The Pinball Show Ep 95: Texas Two-Step ━━━━━━━━━━ 41.3/41.3   8.1 MB/s 0:00:00
                                                    MB                          
✓ Downloaded: The Pinball Show Ep 95: Texas Two-Step

[105/203] The Pinball Show Ep 94: Pinball Wishes & Arcade Dreams
  The Pinball Show Ep 94: Pinball Wishes & ━━━━━━━━━━ 66.8/66.8 9.1 MB/s 0:00:00
                                                      MB                        
✓ Downloaded: The Pinball Show Ep 94: Pinball Wishes & Arcade Dreams

[106/203] The Pinball Show Ep 93: Keepin’ It Real With P3, JJP 7 Release, CCr 
Updates, & Cornerstoned By Stern
  The Pinball Show Ep 93: Keepin’ It Real  ━━━━━━━━━ 248.9/24… 11.7 MB/s 0:00:00
                                                     MB                         
✓ Downloaded: The Pinball Show Ep 93: Keepin’ It Real With P3, JJP 7 Release, 
CCr Updates, & Cornerstoned By Stern

[107/203] The Pinball Show Ep 92: Weird Al Is Such A Tease
  The Pinball Show Ep 92: Weird Al Is Such ━━━━━━━━━ 136.8/13… 16.4 MB/s 0:00:00
                                                     MB                         
✓ Downloaded: The Pinball Show Ep 92: Weird Al Is Such A Tease

[108/203] The Pinball Show Ep 91: Toss A Valentine To Your Peacock
  The Pinball Show Ep 91: Toss A Valentine ━━━━━━━━━━ 182.7/18… 9.9 MB/s 0:00:00
                                                      MB                        
✓ Downloaded: The Pinball Show Ep 91: Toss A Valentine To Your Peacock

[109/203] The Pinball Show Ep 90: Upcoming Stern Toppers, 2022 JJP/Spooky Games,
& INDISCeivable!
  The Pinball Show Ep 90: Upcoming Stern T ━━━━━━━━━ 137.2/13… 10.1 MB/s 0:00:00
                                                     MB                         
✓ Downloaded: The Pinball Show Ep 90: Upcoming Stern Toppers, 2022 JJP/Spooky 
Games, & INDISCeivable!

[110/203] The Pinball Show Ep 89: Stern Production Updates & How NOT To Market 
Trends
  The Pinball Show Ep 89: Stern Production ━━━━━━━━━ 95.9/95.9 10.0 MB/s 0:00:00
                                                     MB                         
✓ Downloaded: The Pinball Show Ep 89: Stern Production Updates & How NOT To 
Market Trends

[111/203] The Pinball Show Ep 88: The Death Of Valhalla Hype & Growing 
Impatience With Haggis Pinball
  The Pinball Show Ep 88: The Death Of Val ━━━━━━━━━━ 175.0/17… 7.5 MB/s 0:00:00
                                                      MB                        
✓ Downloaded: The Pinball Show Ep 88: The Death Of Valhalla Hype & Growing 
Impatience With Haggis Pinball

[112/203] The Pinball Show Ep 87: What I Like, What I Don’t About The Rush 
Pinball Machine
  The Pinball Show Ep 87: What I Like, Wha ━━━━━━━━━━ 75.2/75.2 3.1 MB/s 0:00:00
                                                      MB                        
✓ Downloaded: The Pinball Show Ep 87: What I Like, What I Don’t About The Rush 
Pinball Machine

[113/203] The Pinball Show Ep 86: Rush Pinball Production, Holy Cannoli, Gomez’ 
2022 Game, & The Pinball Award Season
  The Pinball Show Ep 86: Rush Pinball Pro ━━━━━━━━━ 200.1/20… 10.7 MB/s 0:00:00
                                                     MB                         
✓ Downloaded: The Pinball Show Ep 86: Rush Pinball Production, Holy Cannoli, 
Gomez’ 2022 Game, & The Pinball Award Season

[114/203] The Pinball Show Ep 85: Turning Tides In Pinball Media & How The 
Kriesel Stole Christmas
  The Pinball Show Ep 85: Turning Tides In ━━━━━━━━━ 237.4/23… 12.2 MB/s 0:00:00
                                                     MB                         
✓ Downloaded: The Pinball Show Ep 85: Turning Tides In Pinball Media & How The 
Kriesel Stole Christmas

[115/203] The Pinball Show Ep 84: The Stern Pinball Hybrid Model & A Stern Vault
In 2022?
  The Pinball Show Ep 84: The Stern Pinbal ━━━━━━━━━ 190.9/19… 47.8 MB/s 0:00:00
                                                     MB                         
✓ Downloaded: The Pinball Show Ep 84: The Stern Pinball Hybrid Model & A Stern 
Vault In 2022?

[116/203] The Pinball Show Ep 83: Dennis‘ #1 Fan Makes Zach‘s Jupiter Ascend
  The Pinball Show Ep 83: Dennis‘ #1 Fan M ━━━━━━━━━ 140.9/14… 11.2 MB/s 0:00:00
                                                     MB                         
✓ Downloaded: The Pinball Show Ep 83: Dennis‘ #1 Fan Makes Zach‘s Jupiter Ascend

[117/203] The Pinball Show Ep 82: Upcoming Stern Pinball Titles & Giving Thanks 
To Jolene
  The Pinball Show Ep 82: Upcoming Stern P ━━━━━━━━━━ 77.5/77.5 6.9 MB/s 0:00:00
                                                      MB                        
✓ Downloaded: The Pinball Show Ep 82: Upcoming Stern Pinball Titles & Giving 
Thanks To Jolene

[118/203] The Pinball Show Ep 81: Entering A New Pinball Era: Afterlife
  The Pinball Show Ep 81: Entering A New P ━━━━━━━━━ 187.2/18… 25.1 MB/s 0:00:00
                                                     MB                         
✓ Downloaded: The Pinball Show Ep 81: Entering A New Pinball Era: Afterlife

[119/203] The Pinball Show Ep 80: WIN A GODZILLA+ BANNER & Your #1 Source For 
Pinball News
  The Pinball Show Ep 80: WIN A GODZILLA+  ━━━━━━━━━━ 254.0/25… 4.2 MB/s 0:00:00
                                                      MB                        
✓ Downloaded: The Pinball Show Ep 80: WIN A GODZILLA+ BANNER & Your #1 Source 
For Pinball News

[120/203] The Pinball Show Correspondents - October 25, 2021
  The Pinball Show Correspondents - Octobe ━━━━━━━━━ 20.3/20.3 11.8 MB/s 0:00:00
                                                     MB                         
✓ Downloaded: The Pinball Show Correspondents - October 25, 2021

[121/203] The Pinball Show Ep 79: The Middle Class Man‘s Pinball Podcast
  The Pinball Show Ep 79: The Middle Class ━━━━━━━━━ 144.8/14… 13.1 MB/s 0:00:00
                                                     MB                         
✓ Downloaded: The Pinball Show Ep 79: The Middle Class Man‘s Pinball Podcast

[122/203] The Pinball Show Ep 78: Another Stern Pinball Release?!
  The Pinball Show Ep 78: Another Stern Pi ━━━━━━━━━ 130.2/13… 10.4 MB/s 0:00:00
                                                     MB                         
✓ Downloaded: The Pinball Show Ep 78: Another Stern Pinball Release?!

[123/203] The Pinball Show Ep 77: BIG CGC News, Lyman Lands, Queen Rocks, & 
Connecting The Dots
  The Pinball Show Ep 77: BIG CGC News, Ly ━━━━━━━━━ 171.1/17… 12.3 MB/s 0:00:00
                                                     MB                         
✓ Downloaded: The Pinball Show Ep 77: BIG CGC News, Lyman Lands, Queen Rocks, & 
Connecting The Dots

[124/203] The Pinball Show Ep 76: Eatin‘ Good In The Neighborhood
  The Pinball Show Ep 76: Eatin‘ Good In T ━━━━━━━━━ 166.4/16… 13.2 MB/s 0:00:00
                                                     MB                         
✓ Downloaded: The Pinball Show Ep 76: Eatin‘ Good In The Neighborhood

[125/203] The Pinball Show Ep 75: Bonezilla vs. Mechagodshilla
  The Pinball Show Ep 75: Bonezilla vs. Me ━━━━━━━━━ 151.2/15… 14.0 MB/s 0:00:00
                                                     MB                         
✓ Downloaded: The Pinball Show Ep 75: Bonezilla vs. Mechagodshilla

[126/203] The Pinball Show Ep 74: Godzilla Revealed, Production Timelines, & 
Changes In Pinball Pricing
  The Pinball Show Ep 74: Godzilla Reveale ━━━━━━━━━ 193.9/19… 12.6 MB/s 0:00:00
                                                     MB                         
✓ Downloaded: The Pinball Show Ep 74: Godzilla Revealed, Production Timelines, &
Changes In Pinball Pricing

[127/203] The Pinball Show Ep 73.5: Stern‘s Next Cornerstone Release Date, 
Mini-Interview w/Homepin‘s Mike, & Online Platform Wars
  The Pinball Show Ep 73.5: Stern‘s Next C ━━━━━━━━━ 28.9/28.9 17.0 MB/s 0:00:00
                                                     MB                         
✓ Downloaded: The Pinball Show Ep 73.5: Stern‘s Next Cornerstone Release Date, 
Mini-Interview w/Homepin‘s Mike, & Online Platform Wars

[128/203] The Pinball Show Ep 73: Getting Connected Insider
  The Pinball Show Ep 73: Getting Connecte ━━━━━━━━━━ 171.8/17… 8.0 MB/s 0:00:00
                                                      MB                        
✓ Downloaded: The Pinball Show Ep 73: Getting Connected Insider

[129/203] The Pinball Show Ep 72: WIN A LIMITED EDITION SHIRT! Lose your shirt 
with deeproot...
  The Pinball Show Ep 72: WIN A LIMITED ED ━━━━━━━━━ 237.7/23… 14.9 MB/s 0:00:00
                                                     MB                         
✓ Downloaded: The Pinball Show Ep 72: WIN A LIMITED EDITION SHIRT! Lose your 
shirt with deeproot...

[130/203] The Pinball Show Ep 71: Dennis Blames YOU For Your Parents' Divorce
  The Pinball Show Ep 71: Dennis Blames YO ━━━━━━━━━ 191.7/19… 15.1 MB/s 0:00:00
                                                     MB                         
✓ Downloaded: The Pinball Show Ep 71: Dennis Blames YOU For Your Parents' 
Divorce

[131/203] The Pinball Show Correspondents - August 9, 2021
  The Pinball Show Correspondents - August ━━━━━━━━━ 10.4/10.4 10.7 MB/s 0:00:00
                                                     MB                         
✓ Downloaded: The Pinball Show Correspondents - August 9, 2021

[132/203] The Pinball Show Ep 70: Steve Ritchie Hired At Jersey Jack & Lamenting
Lyman Leaving
  The Pinball Show Ep 70: Steve Ritchie Hi ━━━━━━━━━ 152.4/15… 12.8 MB/s 0:00:00
                                                     MB                         
✓ Downloaded: The Pinball Show Ep 70: Steve Ritchie Hired At Jersey Jack & 
Lamenting Lyman Leaving

[133/203] The Pinball Show Ep 69: Pinball Collectors Are People Too & World 
Changing Pinball Developments
  The Pinball Show Ep 69: Pinball Collecto ━━━━━━━━━ 95.6/95.6 14.6 MB/s 0:00:00
                                                     MB                         
✓ Downloaded: The Pinball Show Ep 69: Pinball Collectors Are People Too & World 
Changing Pinball Developments

[134/203] The Pinball Show Ep 68: Will Halloween Kill Or Thrill & Harry Potter 
And The Book Of Botched Concepts
  The Pinball Show Ep 68: Will Halloween K ━━━━━━━━━ 139.8/13… 13.0 MB/s 0:00:00
                                                     MB                         
✓ Downloaded: The Pinball Show Ep 68: Will Halloween Kill Or Thrill & Harry 
Potter And The Book Of Botched Concepts

[135/203] The Pinball Show Ep 67: Zach Interviews The Spooky Pinball Team + 
GIVEAWAY!
  The Pinball Show Ep 67: Zach Interviews  ━━━━━━━━━ 257.9/25… 16.3 MB/s 0:00:00
                                                     MB                         
✓ Downloaded: The Pinball Show Ep 67: Zach Interviews The Spooky Pinball Team + 
GIVEAWAY!

[136/203] The Pinball Show Ep 66: Death By Sausage Fingers
  The Pinball Show Ep 66: Death By Sausage ━━━━━━━━━ 113.6/11… 15.0 MB/s 0:00:00
                                                     MB                         
✓ Downloaded: The Pinball Show Ep 66: Death By Sausage Fingers

[137/203] The Pinball Show Ep 65: Spooky Lifts Their Top & We See Something 
Stacked And Loaded
  The Pinball Show Ep 65: Spooky Lifts The ━━━━━━━━━ 239.7/23… 19.4 MB/s 0:00:00
                                                     MB                         
✓ Downloaded: The Pinball Show Ep 65: Spooky Lifts Their Top & We See Something 
Stacked And Loaded

[138/203] The Pinball Show Ep 64: Forgoing The Lowball & Understanding What He's
Got
  The Pinball Show Ep 64: Forgoing The Low ━━━━━━━━━━ 171.4/17… 9.0 MB/s 0:00:00
                                                      MB                        
✓ Downloaded: The Pinball Show Ep 64: Forgoing The Lowball & Understanding What 
He's Got

[139/203] The Pinball Show Ep 63: The Game Has Changed, For The Price Of A Cup 
Of Coffee
  The Pinball Show Ep 63: The Game Has Cha ━━━━━━━━━━ 174.2/17… 9.5 MB/s 0:00:00
                                                      MB                        
✓ Downloaded: The Pinball Show Ep 63: The Game Has Changed, For The Price Of A 
Cup Of Coffee

[140/203] The Pinball Show Ep 62: In Your Head
  The Pinball Show Ep 62: In Your Head ━━━━━━━━━━━━ 179.6/179.6 8.3 MB/s 0:00:00
                                                    MB                          
✓ Downloaded: The Pinball Show Ep 62: In Your Head

[141/203] The Pinball Show Ep 61: Streaming and Chipping and Rooting OH MY!
  The Pinball Show Ep 61: Streaming and Ch ━━━━━━━━━ 192.1/19… 10.3 MB/s 0:00:00
                                                     MB                         
✓ Downloaded: The Pinball Show Ep 61: Streaming and Chipping and Rooting OH MY!

[142/203] The Pinball Show Ep 60: Ryan Wanted The Title Of This Episode To Be 
'This Is The Way'
  The Pinball Show Ep 60: Ryan Wanted The  ━━━━━━━━━ 276.9/27… 15.7 MB/s 0:00:00
                                                     MB                         
✓ Downloaded: The Pinball Show Ep 60: Ryan Wanted The Title Of This Episode To 
Be 'This Is The Way'

[143/203] The Pinball Show Ep 59: The Mandalorian LE - $20k By Christmas
  The Pinball Show Ep 59: The Mandalorian  ━━━━━━━━━ 171.9/17… 13.1 MB/s 0:00:00
                                                     MB                         
✓ Downloaded: The Pinball Show Ep 59: The Mandalorian LE - $20k By Christmas

[144/203] The Pinball Show Ep 58: Keyboard Commando - Round One, Fight!!
  The Pinball Show Ep 58: Keyboard Command ━━━━━━━━━ 335.4/33… 15.0 MB/s 0:00:00
                                                     MB                         
✓ Downloaded: The Pinball Show Ep 58: Keyboard Commando - Round One, Fight!!

[145/203] The Pinball Show Ep 57: Get Off My Ocean!
  The Pinball Show Ep 57: Get Off My Ocean ━━━━━━━━━━ 171.7/17… 6.4 MB/s 0:00:00
                                                      MB                        
✓ Downloaded: The Pinball Show Ep 57: Get Off My Ocean!

[146/203] The Pinball Show Ep 56: A Bobcat Attacked My Wife For Not Picking A 
Restaurant
  The Pinball Show Ep 56: A Bobcat Attacke ━━━━━━━━━━ 171.4/17… 9.4 MB/s 0:00:00
                                                      MB                        
✓ Downloaded: The Pinball Show Ep 56: A Bobcat Attacked My Wife For Not Picking 
A Restaurant

[147/203] The Pinball Show Ep 55: A Psychedelic Bearded Bromance Grows In The 
Wilderness
  The Pinball Show Ep 55: A Psychedelic Be ━━━━━━━━━ 133.1/13… 11.0 MB/s 0:00:00
                                                     MB                         
✓ Downloaded: The Pinball Show Ep 55: A Psychedelic Bearded Bromance Grows In 
The Wilderness

[148/203] The Pinball Show Ep 54: Pinball Adventures Accepts Zach's Challenge
  The Pinball Show Ep 54: Pinball Adventur ━━━━━━━━━ 132.3/13… 14.1 MB/s 0:00:00
                                                     MB                         
✓ Downloaded: The Pinball Show Ep 54: Pinball Adventures Accepts Zach's 
Challenge

[149/203] The Pinball Show Ep 53: Being Decent At The Ice Cream Shoppe & Your 
Incorrect TWIPY Picks
  The Pinball Show Ep 53: Being Decent At  ━━━━━━━━━ 176.0/17… 12.9 MB/s 0:00:00
                                                     MB                         
✓ Downloaded: The Pinball Show Ep 53: Being Decent At The Ice Cream Shoppe & 
Your Incorrect TWIPY Picks

[150/203] The Pinball Show Ep 52: WIN A FREE PLAYFIELD - MARCH MADNESS PINBALL 
TOPPER BRACKET
  The Pinball Show Ep 52: WIN A FREE PLAYF ━━━━━━━━━ 196.4/19… 11.2 MB/s 0:00:00
                                                     MB                         
✓ Downloaded: The Pinball Show Ep 52: WIN A FREE PLAYFIELD - MARCH MADNESS 
PINBALL TOPPER BRACKET

[151/203] The Pinball Show Ep 51: Anything You Can Do, I Can Do Better
  The Pinball Show Ep 51: Anything You Can ━━━━━━━━━ 91.5/91.5 10.9 MB/s 0:00:00
                                                     MB                         
✓ Downloaded: The Pinball Show Ep 51: Anything You Can Do, I Can Do Better

[152/203] The Pinball Show Ep 50: Entering A New Pinball Era
  The Pinball Show Ep 50: Entering A New P ━━━━━━━━━━ 179.7/17… 5.7 MB/s 0:00:00
                                                      MB                        
✓ Downloaded: The Pinball Show Ep 50: Entering A New Pinball Era

[153/203] The Pinball Show Ep 49: Please Don't Write-In To 
thepinballnetwork@gmail.com
  The Pinball Show Ep 49: Please Don't Wri ━━━━━━━━━━ 194.5/19… 5.9 MB/s 0:00:00
                                                      MB                        
✓ Downloaded: The Pinball Show Ep 49: Please Don't Write-In To 
thepinballnetwork@gmail.com

[154/203] The Pinball Show Ep 48: Zen Studios Try Drinking Our Milkshake?!
  The Pinball Show Ep 48: Zen Studios Try  ━━━━━━━━━ 187.5/18… 11.6 MB/s 0:00:00
                                                     MB                         
✓ Downloaded: The Pinball Show Ep 48: Zen Studios Try Drinking Our Milkshake?!

[155/203] The Pinball Show Ep 47: Is There Pinball In Heaven?
  The Pinball Show Ep 47: Is There Pinball ━━━━━━━━━ 183.6/18… 16.4 MB/s 0:00:00
                                                     MB                         
✓ Downloaded: The Pinball Show Ep 47: Is There Pinball In Heaven?

[156/203] The Pinball Show Ep 46: The Ceiling-Measuring Contest
  The Pinball Show Ep 46: The Ceiling-Meas ━━━━━━━━━ 258.4/25… 19.2 MB/s 0:00:00
                                                     MB                         
✓ Downloaded: The Pinball Show Ep 46: The Ceiling-Measuring Contest

[157/203] The Pinball Show Ep 45: AP's Facelift, TWIPY Snubs, & Steel Pennies
  The Pinball Show Ep 45: AP's Facelift, T ━━━━━━━━━ 169.6/16… 11.8 MB/s 0:00:00
                                                     MB                         
✓ Downloaded: The Pinball Show Ep 45: AP's Facelift, TWIPY Snubs, & Steel 
Pennies

[158/203] The Pinball Show Ep 44: In The Air Tonight
  The Pinball Show Ep 44: In The Air Tonig ━━━━━━━━━━ 280.4/28… 8.2 MB/s 0:00:00
                                                      MB                        
✓ Downloaded: The Pinball Show Ep 44: In The Air Tonight

[159/203] The Pinball Show: A Special Announcement
  The Pinball Show: A Special Announcement ━━━━━━━━━ 35.6/35.6 13.6 MB/s 0:00:00
                                                     MB                         
✓ Downloaded: The Pinball Show: A Special Announcement

[160/203] The Pinball Show Ep 43: Two Inch Kriesel Stocking, Zach's Big Package,
& Lednuts Rocking On An Open Playfield
  The Pinball Show Ep 43: Two Inch Kriesel ━━━━━━━━━ 235.3/23… 11.5 MB/s 0:00:00
                                                     MB                         
✓ Downloaded: The Pinball Show Ep 43: Two Inch Kriesel Stocking, Zach's Big 
Package, & Lednuts Rocking On An Open Playfield

[161/203] The Pinball Show Ep 42: Slap Save Pinball Show
  The Pinball Show Ep 42: Slap Save Pinbal ━━━━━━━━━━ 238.3/23… 9.8 MB/s 0:00:00
                                                      MB                        
✓ Downloaded: The Pinball Show Ep 42: Slap Save Pinball Show

[162/203] The Pinball Show Ep 41: Take A Look At Me Now
  The Pinball Show Ep 41: Take A Look At M ━━━━━━━━━ 199.4/19… 10.6 MB/s 0:00:00
                                                     MB                         
✓ Downloaded: The Pinball Show Ep 41: Take A Look At Me Now

[163/203] The Pinball Show Ep 40: Get It Off Your Chest
  The Pinball Show Ep 40: Get It Off Your  ━━━━━━━━━━ 196.1/19… 2.1 MB/s 0:00:00
                                                      MB                        
✓ Downloaded: The Pinball Show Ep 40: Get It Off Your Chest

[164/203] The Pinball Show Ep 39: Big Changes & Big Pinball Talk
  The Pinball Show Ep 39: Big Changes & Bi ━━━━━━━━━━ 149.7/14… 5.9 MB/s 0:00:00
                                                      MB                        
✓ Downloaded: The Pinball Show Ep 39: Big Changes & Big Pinball Talk

[165/203] The Pinball Show Ep 38: Dennis Is Angry At Elton John & Zach Is Angry 
At Walmart
  The Pinball Show Ep 38: Dennis Is Angry  ━━━━━━━━━━ 130.5/13… 8.7 MB/s 0:00:00
                                                      MB                        
✓ Downloaded: The Pinball Show Ep 38: Dennis Is Angry At Elton John & Zach Is 
Angry At Walmart

[166/203] The Pinball Show Ep 37: Did Stern Pinball Secretly Release Their Next 
Machine?!
  The Pinball Show Ep 37: Did Stern Pinbal ━━━━━━━━━ 176.2/17… 11.3 MB/s 0:00:00
                                                     MB                         
✓ Downloaded: The Pinball Show Ep 37: Did Stern Pinball Secretly Release Their 
Next Machine?!

[167/203] The Pinball Show Ep 36: Pinball Is A Fickle, Feather-Ruffling Beast
  The Pinball Show Ep 36: Pinball Is A Fic ━━━━━━━━━━ 148.6/14… 3.6 MB/s 0:00:00
                                                      MB                        
✓ Downloaded: The Pinball Show Ep 36: Pinball Is A Fickle, Feather-Ruffling 
Beast

[168/203] The Pinball Show Ep 35: WIN A FREE STERN PINBALL TOPPER...Even Though 
Den Den Disapproves
  The Pinball Show Ep 35: WIN A FREE STERN ━━━━━━━━━ 145.1/14… 10.5 MB/s 0:00:00
                                                     MB                         
✓ Downloaded: The Pinball Show Ep 35: WIN A FREE STERN PINBALL TOPPER...Even 
Though Den Den Disapproves

[169/203] The Pinball Show Ep 34: Is Harry Potter Pinball Really Happening? They
Call Him Mr. Hermione Kriesel
  The Pinball Show Ep 34: Is Harry Potter  ━━━━━━━━━━ 135.5/13… 9.0 MB/s 0:00:00
                                                      MB                        
✓ Downloaded: The Pinball Show Ep 34: Is Harry Potter Pinball Really Happening? 
They Call Him Mr. Hermione Kriesel

[170/203] The Pinball Show Ep 33: They Call Me Mr. Zach Shivers
  The Pinball Show Ep 33: They Call Me Mr. ━━━━━━━━━ 187.0/18… 10.2 MB/s 0:00:00
                                                     MB                         
✓ Downloaded: The Pinball Show Ep 33: They Call Me Mr. Zach Shivers

[171/203] The Pinball Show Ep 32 Part 2: Guns N Roses Pinball Reveal & First 
Impressions
  The Pinball Show Ep 32 Part 2: Guns N Ro ━━━━━━━━━━ 44.3/44.3 5.7 MB/s 0:00:00
                                                      MB                        
✓ Downloaded: The Pinball Show Ep 32 Part 2: Guns N Roses Pinball Reveal & First
Impressions

[172/203] The Pinball Show Ep 32: The Amish - A Lifestyle Brand
  The Pinball Show Ep 32: The Amish - A Li ━━━━━━━━━━ 97.9/97.9 8.5 MB/s 0:00:00
                                                      MB                        
✓ Downloaded: The Pinball Show Ep 32: The Amish - A Lifestyle Brand

[173/203] The Pinball Show Ep 31: Hey You Guys! WIN A FREE Avengers Banner By 
Taking Off Your Shoes & Tasting The Rainbow
  The Pinball Show Ep 31: Hey You Guys! WI ━━━━━━━━━ 247.2/24… 18.2 MB/s 0:00:00
                                                     MB                         
✓ Downloaded: The Pinball Show Ep 31: Hey You Guys! WIN A FREE Avengers Banner 
By Taking Off Your Shoes & Tasting The Rainbow

[174/203] The Pinball Show Ep 30: ♫ Waiting For A Game To Drop ♫
  The Pinball Show Ep 30: ♫ Waiting For A  ━━━━━━━━━━ 133.1/13… 9.9 MB/s 0:00:00
                                                      MB                        
✓ Downloaded: The Pinball Show Ep 30: ♫ Waiting For A Game To Drop ♫

[175/203] The Pinball Show Ep 29: The Great Fan Layout Debate
  The Pinball Show Ep 29: The Great Fan La ━━━━━━━━━━ 169.9/16… 4.6 MB/s 0:00:00
                                                      MB                        
✓ Downloaded: The Pinball Show Ep 29: The Great Fan Layout Debate

[176/203] The Pinball Show Ep 28: The Quest For Den Den's Infinity Stones (Can A
Pinball Ever Be Upside Down?)
  The Pinball Show Ep 28: The Quest For De ━━━━━━━━━━ 180.2/18… 8.4 MB/s 0:00:00
                                                      MB                        
✓ Downloaded: The Pinball Show Ep 28: The Quest For Den Den's Infinity Stones 
(Can A Pinball Ever Be Upside Down?)

[177/203] The Pinball Show Ep 27: A September To Remember
  The Pinball Show Ep 27: A September To R ━━━━━━━━━ 175.2/17… 16.0 MB/s 0:00:00
                                                     MB                         
✓ Downloaded: The Pinball Show Ep 27: A September To Remember

[178/203] The Pinball Show Ep 26: Inside Pinball
  The Pinball Show Ep 26: Inside Pinball ━━━━━━━━━━ 190.6/190… 10.0 MB/s 0:00:00
                                                    MB                          
✓ Downloaded: The Pinball Show Ep 26: Inside Pinball

[179/203] The Pinball Show Ep 25: Soft Reboot, Hard News
  The Pinball Show Ep 25: Soft Reboot, Har ━━━━━━━━━ 216.6/21… 13.1 MB/s 0:00:00
                                                     MB                         
✓ Downloaded: The Pinball Show Ep 25: Soft Reboot, Hard News

[180/203] The Pinball Show Ep 24: Can You Milk A Boy Cow?
  The Pinball Show Ep 24: Can You Milk A B ━━━━━━━━━ 185.7/18… 15.4 MB/s 0:00:00
                                                     MB                         
✓ Downloaded: The Pinball Show Ep 24: Can You Milk A Boy Cow?

[181/203] The Pinball Show Ep 23: 3:10 To Den Den
  The Pinball Show Ep 23: 3:10 To Den Den ━━━━━━━━━━ 143.2/14… 14.5 MB/s 0:00:00
                                                     MB                         
✓ Downloaded: The Pinball Show Ep 23: 3:10 To Den Den

[182/203] The Pinball Show Ep 22: Pinball Market Trends Deals Of The WTF!
  The Pinball Show Ep 22: Pinball Market T ━━━━━━━━━ 144.9/14… 16.3 MB/s 0:00:00
                                                     MB                         
✓ Downloaded: The Pinball Show Ep 22: Pinball Market Trends Deals Of The WTF!

[183/203] The Pinball Show Ep 21: When Is Stern's Next Game Being Released & Why
Is Zach So Utterly Lonesome?
  The Pinball Show Ep 21: When Is Stern's  ━━━━━━━━━━ 86.2/86.2 8.5 MB/s 0:00:00
                                                      MB                        
✓ Downloaded: The Pinball Show Ep 21: When Is Stern's Next Game Being Released &
Why Is Zach So Utterly Lonesome?

[184/203] The Pinball Show Ep 20: Shocked Or Awed For Pinball Loot Crates?
  The Pinball Show Ep 20: Shocked Or Awed  ━━━━━━━━━ 166.4/16… 48.1 MB/s 0:00:00
                                                     MB                         
✓ Downloaded: The Pinball Show Ep 20: Shocked Or Awed For Pinball Loot Crates?

[185/203] The Pinball Show Ep 19: Dennis Is Fired Up & Zach Is Trending Down
  The Pinball Show Ep 19: Dennis Is Fired  ━━━━━━━━━━ 168.5/16… 9.0 MB/s 0:00:00
                                                      MB                        
✓ Downloaded: The Pinball Show Ep 19: Dennis Is Fired Up & Zach Is Trending Down

[186/203] The Pinball Show Ep 18: JJP Sees No Limit & AP Limits Itself
  The Pinball Show Ep 18: JJP Sees No Limi ━━━━━━━━━━ 133.4/13… 5.1 MB/s 0:00:00
                                                      MB                        
✓ Downloaded: The Pinball Show Ep 18: JJP Sees No Limit & AP Limits Itself

[187/203] The Pinball Show Ep 17: It's Not About The Topper, It's About The 
Changing Landscape Of Pinball, But Are We Devolving?
  The Pinball Show Ep 17: It's Not About T ━━━━━━━━━ 184.5/18… 22.0 MB/s 0:00:00
                                                     MB                         
✓ Downloaded: The Pinball Show Ep 17: It's Not About The Topper, It's About The 
Changing Landscape Of Pinball, But Are We Devolving?

[188/203] The Pinball Show Ep 16: Pinball Mutant Ninja Podcasters: Craigonardo, 
Jonatello, Menyangelo, and Kriesael
  The Pinball Show Ep 16: Pinball Mutant N ━━━━━━━━━ 173.6/17… 10.4 MB/s 0:00:00
                                                     MB                         
✓ Downloaded: The Pinball Show Ep 16: Pinball Mutant Ninja Podcasters: 
Craigonardo, Jonatello, Menyangelo, and Kriesael

[189/203] The Pinball Show Ep 15: Blinded By The Light Of An Auctioned-Off TWIPY
  The Pinball Show Ep 15: Blinded By The L ━━━━━━━━━ 170.7/17… 13.0 MB/s 0:00:00
                                                     MB                         
✓ Downloaded: The Pinball Show Ep 15: Blinded By The Light Of An Auctioned-Off 
TWIPY

[190/203] The Pinball Show Ep 14: A Padawan Emerges From Pinball Market Trends
  The Pinball Show Ep 14: A Padawan Emerge ━━━━━━━━━ 179.2/17… 15.3 MB/s 0:00:00
                                                     MB                         
✓ Downloaded: The Pinball Show Ep 14: A Padawan Emerges From Pinball Market 
Trends

[191/203] The Pinball Show Ep 13: A Celebration of Mamas, Viewer Trends, 
One-Liners, & Little Richard
  The Pinball Show Ep 13: A Celebration of ━━━━━━━━━ 139.2/13… 15.6 MB/s 0:00:00
                                                     MB                         
✓ Downloaded: The Pinball Show Ep 13: A Celebration of Mamas, Viewer Trends, 
One-Liners, & Little Richard

[192/203] The Pinball Show Ep 12: Is Pinball Ready For The Main Stage?
  The Pinball Show Ep 12: Is Pinball Ready ━━━━━━━━━ 164.0/16… 11.5 MB/s 0:00:00
                                                     MB                         
✓ Downloaded: The Pinball Show Ep 12: Is Pinball Ready For The Main Stage?

[193/203] The Pinball Show Ep 11: We Are The Truth-Seekers
  The Pinball Show Ep 11: We Are The Truth ━━━━━━━━━━ 188.6/18… 4.8 MB/s 0:00:00
                                                      MB                        
✓ Downloaded: The Pinball Show Ep 11: We Are The Truth-Seekers

[194/203] The Pinball Show Ep 10: Eeyore Loves Swimming and El Fliper del 
Merkado de la Morda
  The Pinball Show Ep 10: Eeyore Loves Swi ━━━━━━━━━━ 179.8/17… 5.0 MB/s 0:00:00
                                                      MB                        
✓ Downloaded: The Pinball Show Ep 10: Eeyore Loves Swimming and El Fliper del 
Merkado de la Morda

[195/203] The Pinball Show Ep 9: Ch Ch Changes At Deeproot, Quarantained Market 
Trends, & For F*ck's Sake Zach
  The Pinball Show Ep 9: Ch Ch Changes At  ━━━━━━━━━ 215.7/21… 23.5 MB/s 0:00:00
                                                     MB                         
✓ Downloaded: The Pinball Show Ep 9: Ch Ch Changes At Deeproot, Quarantained 
Market Trends, & For F*ck's Sake Zach

[196/203] The Pinball Show Ep 8: Farewell My Friends
  The Pinball Show Ep 8: Farewell My Frien ━━━━━━━━━━ 228.9/22… 7.4 MB/s 0:00:00
                                                      MB                        
✓ Downloaded: The Pinball Show Ep 8: Farewell My Friends

[197/203] The Pinball Show Ep 7: TWIPY Reactions & The Battle Of Pinball 
Prognostication
  The Pinball Show Ep 7: TWIPY Reactions & ━━━━━━━━━━ 162.8/16… 3.9 MB/s 0:00:00
                                                      MB                        
✓ Downloaded: The Pinball Show Ep 7: TWIPY Reactions & The Battle Of Pinball 
Prognostication

[198/203] The Pinball Show Ep 6: Wrap It, Strap It, Set It, and Forget It
  The Pinball Show Ep 6: Wrap It, Strap It ━━━━━━━━━ 138.5/13… 24.0 MB/s 0:00:00
                                                     MB                         
✓ Downloaded: The Pinball Show Ep 6: Wrap It, Strap It, Set It, and Forget It

[199/203] The Pinball Show Ep 5: Feeling Slap Happy During A Global Pandemic
  The Pinball Show Ep 5: Feeling Slap Happ ━━━━━━━━━ 113.2/11… 21.1 MB/s 0:00:00
                                                     MB                         
✓ Downloaded: The Pinball Show Ep 5: Feeling Slap Happy During A Global Pandemic

[200/203] The Pinball Show Ep 4: RumpelstiltsDen & His Birthday Apple Pie
  The Pinball Show Ep 4: RumpelstiltsDen & ━━━━━━━━━━ 211.5/21… 8.3 MB/s 0:00:00
                                                      MB                        
✓ Downloaded: The Pinball Show Ep 4: RumpelstiltsDen & His Birthday Apple Pie

[201/203] The Pinball Show Ep 3: Eating Crow and Wishful Thinking
  The Pinball Show Ep 3: Eating Crow and W ━━━━━━━━━ 167.1/16… 22.6 MB/s 0:00:00
                                                     MB                         
✓ Downloaded: The Pinball Show Ep 3: Eating Crow and Wishful Thinking

[202/203] The Pinball Show Ep 2: Dennis' Plumbus
  The Pinball Show Ep 2: Dennis' Plumbus ━━━━━━━━━━ 169.7/169… 25.4 MB/s 0:00:00
                                                    MB                          
✓ Downloaded: The Pinball Show Ep 2: Dennis' Plumbus

[203/203] The Pinball Show Ep 1: The Pilot
  The Pinball Show Ep 1: The Pilot ━━━━━━━━━━━━━ 180.7/180.7   28.8 MB/s 0:00:00
                                                 MB                             
✓ Downloaded: The Pinball Show Ep 1: The Pilot
✓ Podcast download complete: The Pinball Show
