ℹ Detected: PODCAST - feeds.libsyn
ℹ Podcast type: rss
ℹ Fetching RSS feed...
╭─────────────────────────────── Content Found ────────────────────────────────╮
│ PODCAST: Special When Lit Podcast                                            │
│                                                                              │
│ Found 98 episodes                                                            │
│                                                                              │
│ Preview:                                                                     │
│   • EP 97 - Summer Blues                                                     │
│   • EP 96 - What's Love Got To Do With It?                                   │
│   • EP 95 - SKYNET is HERE                                                   │
│   • EP 94 - Just A Bit Outside                                               │
│   • EP 93 - Confessing Our Guility Pleasures                                 │
│   ... and 93 more                                                            │
╰──────────────────────────────────────────────────────────────────────────────╯
ℹ Downloading 98 episodes to /Users/calsheimer/Desktop/content 
archiver/podcasts/Special_When_Lit_Podcast

[1/98] EP 97 - Summer Blues
  EP 97 - Summer Blues ━━━━━━━━━━━━━━━━━━━━━━━━ 137.9/137.9 MB 49.9 MB/s 0:00:00
✓ Downloaded: EP 97 - Summer Blues

[2/98] EP 96 - What's Love Got To Do With It?
  EP 96 - What's Love Got To Do With It? ━━━━━━━━━━ 143.4/143… 48.9 MB/s 0:00:00
                                                    MB                          
✓ Downloaded: EP 96 - What's Love Got To Do With It?

[3/98] EP 95 - SKYNET is HERE
  EP 95 - SKYNET is HERE ━━━━━━━━━━━━━━━━━━━━━━ 190.3/190.3 MB 47.2 MB/s 0:00:00
✓ Downloaded: EP 95 - SKYNET is HERE

[4/98] EP 94 - Just A Bit Outside
  EP 94 - Just A Bit Outside ━━━━━━━━━━━━━━━━━━ 178.4/178.4 MB 37.2 MB/s 0:00:00
✓ Downloaded: EP 94 - Just A Bit Outside

[5/98] EP 93 - Confessing Our Guility Pleasures
  EP 93 - Confessing Our Guility Pleasures ━━━━━━━━━ 124.3/12… 35.8 MB/s 0:00:00
                                                     MB                         
✓ Downloaded: EP 93 - Confessing Our Guility Pleasures

[6/98] EP 92 - Macho Pinball Revealed!  PINBALL PODCAST BOMBSHELLS
  EP 92 - Macho Pinball Revealed!  PINBALL ━━━━━━━━━ 158.0/15… 58.9 MB/s 0:00:00
                                                     MB                         
✓ Downloaded: EP 92 - Macho Pinball Revealed!  PINBALL PODCAST BOMBSHELLS

[7/98] EP 91 - Nightmare On My Street
  EP 91 - Nightmare On My Street ━━━━━━━━━━━━━━ 137.9/137.9 MB 16.9 MB/s 0:00:00
✓ Downloaded: EP 91 - Nightmare On My Street

[8/98] Ep 90 - That Is Some Ouija Board BS
  Ep 90 - That Is Some Ouija Board BS ━━━━━━━━━━━━ 112.1/112.1 42.6 MB/s 0:00:00
                                                   MB                           
✓ Downloaded: Ep 90 - That Is Some Ouija Board BS

[9/98] Ep 89 - SWL Closing Time
  Ep 89 - SWL Closing Time ━━━━━━━━━━━━━━━━━━━━━━ 61.1/61.1 MB 48.5 MB/s 0:00:00
✓ Downloaded: Ep 89 - SWL Closing Time

[10/98] Ep 88 - One down, two to go!
  Ep 88 - One down, two to go! ━━━━━━━━━━━━━━━━━━ 40.9/40.9 MB 57.6 MB/s 0:00:00
✓ Downloaded: Ep 88 - One down, two to go!

[11/98] Ep 87 - Weather, Traffic, and Food Trucks
  Ep 87 - Weather, Traffic, and Food Truck ━━━━━━━━━ 36.9/36.9 51.9 MB/s 0:00:00
                                                     MB                         
✓ Downloaded: Ep 87 - Weather, Traffic, and Food Trucks

[12/98] Ep 86 - How does pinball improve in 2020?
  Ep 86 - How does pinball improve in 2020 ━━━━━━━━━ 57.2/57.2 51.4 MB/s 0:00:00
                                                     MB                         
✓ Downloaded: Ep 86 - How does pinball improve in 2020?

[13/98] Ep 85 - 2019 Holiday Show!
  Ep 85 - 2019 Holiday Show! ━━━━━━━━━━━━━━━━━━━━ 41.2/41.2 MB 49.4 MB/s 0:00:00
✓ Downloaded: Ep 85 - 2019 Holiday Show!

[14/98] Ep 84 - Stranger Things For The Win?
  Ep 84 - Stranger Things For The Win? ━━━━━━━━━━━ 51.1/51.1   55.3 MB/s 0:00:00
                                                   MB                           
✓ Downloaded: Ep 84 - Stranger Things For The Win?

[15/98] Ep 83 - Rick & Morty, Hot Wheels, or Stranger Things?
  Ep 83 - Rick & Morty, Hot Wheels, or Str ━━━━━━━━━ 51.7/51.7 56.8 MB/s 0:00:00
                                                     MB                         
✓ Downloaded: Ep 83 - Rick & Morty, Hot Wheels, or Stranger Things?

[16/98] Ep 82 - Can Anything Stop Rick and Morty?
  Ep 82 - Can Anything Stop Rick and Morty ━━━━━━━━━ 46.5/46.5 54.2 MB/s 0:00:00
                                                     MB                         
✓ Downloaded: Ep 82 - Can Anything Stop Rick and Morty?

[17/98] Ep 81 - Greg Bone and the Pinball News!
  Ep 81 - Greg Bone and the Pinball News! ━━━━━━━━━━ 44.3/44.3 52.9 MB/s 0:00:00
                                                     MB                         
✓ Downloaded: Ep 81 - Greg Bone and the Pinball News!

[18/98] Ep 80 - 4 New Reveals In December?
  Ep 80 - 4 New Reveals In December? ━━━━━━━━━━━━ 47.9/47.9 MB 54.4 MB/s 0:00:00
✓ Downloaded: Ep 80 - 4 New Reveals In December?

[19/98] Ep 79 - Pinball Machine or Hot Tub?
  Ep 79 - Pinball Machine or Hot Tub? ━━━━━━━━━━━━ 43.7/43.7   50.0 MB/s 0:00:00
                                                   MB                           
✓ Downloaded: Ep 79 - Pinball Machine or Hot Tub?

[20/98] Ep 78 - Chris Kooluris of Kaneda's Pinball Podcast
  Ep 78 - Chris Kooluris of Kaneda's Pinba ━━━━━━━━━ 51.8/51.8 52.5 MB/s 0:00:00
                                                     MB                         
✓ Downloaded: Ep 78 - Chris Kooluris of Kaneda's Pinball Podcast

[21/98] Ep 77 - Do you feed the pinball trolls?
  Ep 77 - Do you feed the pinball trolls? ━━━━━━━━━━ 56.1/56.1 44.6 MB/s 0:00:00
                                                     MB                         
✓ Downloaded: Ep 77 - Do you feed the pinball trolls?

[22/98] Ep 76 - Goodbye Ramps, Hello Single Level?
  Ep 76 - Goodbye Ramps, Hello Single Leve ━━━━━━━━━ 35.8/35.8 54.3 MB/s 0:00:00
                                                     MB                         
✓ Downloaded: Ep 76 - Goodbye Ramps, Hello Single Level?

[23/98] Ep 75 - Epic Expo 2019
  Ep 75 - Epic Expo 2019 ━━━━━━━━━━━━━━━━━━━━━━ 108.9/108.9 MB 43.8 MB/s 0:00:00
✓ Downloaded: Ep 75 - Epic Expo 2019

[24/98] Ep 74 - Ken Goes Solo & Unedited
  Ep 74 - Ken Goes Solo & Unedited ━━━━━━━━━━━━━━ 45.6/45.6 MB 51.9 MB/s 0:00:00
✓ Downloaded: Ep 74 - Ken Goes Solo & Unedited

[25/98] Ep 73 - See More Without The Score
  Ep 73 - See More Without The Score ━━━━━━━━━━━━ 43.0/43.0 MB 46.2 MB/s 0:00:00
✓ Downloaded: Ep 73 - See More Without The Score

[26/98] Ep 72 - Quality Over Quantity?
  Ep 72 - Quality Over Quantity? ━━━━━━━━━━━━━━━━ 62.2/62.2 MB 51.9 MB/s 0:00:00
✓ Downloaded: Ep 72 - Quality Over Quantity?

[27/98] Ep 71 - Nuggets with George Gomez
  Ep 71 - Nuggets with George Gomez ━━━━━━━━━━━━━ 56.7/56.7 MB 36.2 MB/s 0:00:00
✓ Downloaded: Ep 71 - Nuggets with George Gomez

[28/98] Episode 70 - Elvira Pinball is Back!
  Episode 70 - Elvira Pinball is Back! ━━━━━━━━━━━ 59.7/59.7   39.7 MB/s 0:00:00
                                                   MB                           
✓ Downloaded: Episode 70 - Elvira Pinball is Back!

[29/98] Episode 69 - Bill & Ken's Excellent Adventure
  Episode 69 - Bill & Ken's Excellent Adve ━━━━━━━━━ 52.9/52.9 54.1 MB/s 0:00:00
                                                     MB                         
✓ Downloaded: Episode 69 - Bill & Ken's Excellent Adventure

[30/98] Episode 68 - Living In The Past? Nope.
  Episode 68 - Living In The Past? Nope. ━━━━━━━━━━ 66.5/66.5  47.2 MB/s 0:00:00
                                                    MB                          
✓ Downloaded: Episode 68 - Living In The Past? Nope.

[31/98] Episode 67 - Screw Me Once...
  Episode 67 - Screw Me Once... ━━━━━━━━━━━━━━━━━ 46.9/46.9 MB 51.4 MB/s 0:00:00
✓ Downloaded: Episode 67 - Screw Me Once...

[32/98] Episode 66 - Tire Kickin'
  Episode 66 - Tire Kickin' ━━━━━━━━━━━━━━━━━━━━━ 42.2/42.2 MB 56.1 MB/s 0:00:00
✓ Downloaded: Episode 66 - Tire Kickin'

[33/98] Episode 65 - There Is No Compromise
  Episode 65 - There Is No Compromise ━━━━━━━━━━━━ 48.3/48.3   53.3 MB/s 0:00:00
                                                   MB                           
✓ Downloaded: Episode 65 - There Is No Compromise

[34/98] Episode 64 - Break Glass In Case Of Emergency!
  Episode 64 - Break Glass In Case Of Emer ━━━━━━━━━ 42.6/42.6 53.0 MB/s 0:00:00
                                                     MB                         
✓ Downloaded: Episode 64 - Break Glass In Case Of Emergency!

[35/98] Episode 63 - A Jurassic Reveal!
  Episode 63 - A Jurassic Reveal! ━━━━━━━━━━━━━━━ 58.8/58.8 MB 45.4 MB/s 0:00:00
✓ Downloaded: Episode 63 - A Jurassic Reveal!

[36/98] Episode 62 - On The Eve of a Cornerstone (George Gomez)
  Episode 62 - On The Eve of a Cornerstone ━━━━━━━━━ 37.5/37.5 56.3 MB/s 0:00:00
                                                     MB                         
✓ Downloaded: Episode 62 - On The Eve of a Cornerstone (George Gomez)

[37/98] Episode 61 - Stern Versus The Field
  Episode 61 - Stern Versus The Field ━━━━━━━━━━━━ 43.4/43.4   40.9 MB/s 0:00:00
                                                   MB                           
✓ Downloaded: Episode 61 - Stern Versus The Field

[38/98] Episode 60 - Should We Go Dutch?
  Episode 60 - Should We Go Dutch? ━━━━━━━━━━━━━━ 54.7/54.7 MB 51.5 MB/s 0:00:00
✓ Downloaded: Episode 60 - Should We Go Dutch?

[39/98] Episode 59 - ONE YEAR ANNIVERSARY SHOW!
  Episode 59 - ONE YEAR ANNIVERSARY SHOW! ━━━━━━━━━━ 51.8/51.8 48.1 MB/s 0:00:00
                                                     MB                         
✓ Downloaded: Episode 59 - ONE YEAR ANNIVERSARY SHOW!

[40/98] Episode 58 - Wonka Is On The Way
  Episode 58 - Wonka Is On The Way ━━━━━━━━━━━━━━ 46.3/46.3 MB 61.2 MB/s 0:00:00
✓ Downloaded: Episode 58 - Wonka Is On The Way

[41/98] Episode 57 - Chuck Ernst (Stern Pinball)
  Episode 57 - Chuck Ernst (Stern Pinball) ━━━━━━━━━ 66.3/66.3 46.4 MB/s 0:00:00
                                                     MB                         
✓ Downloaded: Episode 57 - Chuck Ernst (Stern Pinball)

[42/98] Episode 56 - A Long Distance Relationship
  Episode 56 - A Long Distance Relationshi ━━━━━━━━━ 62.5/62.5 34.6 MB/s 0:00:00
                                                     MB                         
✓ Downloaded: Episode 56 - A Long Distance Relationship

[43/98] Episode 55 - Let's Do it LIVE!
  Episode 55 - Let's Do it LIVE! ━━━━━━━━━━━━━━━━ 58.7/58.7 MB 45.4 MB/s 0:00:00
✓ Downloaded: Episode 55 - Let's Do it LIVE!

[44/98] Episode 54 - Things That Make You Go Hmm...
  Episode 54 - Things That Make You Go Hmm ━━━━━━━━━ 47.6/47.6 43.0 MB/s 0:00:00
                                                     MB                         
✓ Downloaded: Episode 54 - Things That Make You Go Hmm...

[45/98] Episode 53 - Banana In The Tailpipe
  Episode 53 - Banana In The Tailpipe ━━━━━━━━━━━━ 38.5/38.5   38.9 MB/s 0:00:00
                                                   MB                           
✓ Downloaded: Episode 53 - Banana In The Tailpipe

[46/98] Episode 52 - What's next?
  Episode 52 - What's next? ━━━━━━━━━━━━━━━━━━━━━ 49.9/49.9 MB 45.1 MB/s 0:00:00
✓ Downloaded: Episode 52 - What's next?

[47/98] Episode 51 - Are You A Pinball Pirate, Flipper, or Scallywag?
  Episode 51 - Are You A Pinball Pirate, F ━━━━━━━━━ 45.0/45.0 41.8 MB/s 0:00:00
                                                     MB                         
✓ Downloaded: Episode 51 - Are You A Pinball Pirate, Flipper, or Scallywag?

[48/98] Episode 50 - Deeproot, Show Me Something
  Episode 50 - Deeproot, Show Me Something ━━━━━━━━━ 47.1/47.1 39.3 MB/s 0:00:00
                                                     MB                         
✓ Downloaded: Episode 50 - Deeproot, Show Me Something

[49/98] Episode 49 - Cinnamon Hands Only Please
  Episode 49 - Cinnamon Hands Only Please ━━━━━━━━━━ 50.0/50.0 30.0 MB/s 0:00:00
                                                     MB                         
✓ Downloaded: Episode 49 - Cinnamon Hands Only Please

[50/98] Episode 48 - Just Play The Game
  Episode 48 - Just Play The Game ━━━━━━━━━━━━━━━ 51.9/51.9 MB 56.5 MB/s 0:00:00
✓ Downloaded: Episode 48 - Just Play The Game

[51/98] Episode 47 - Making of Willy Wonka Pinball
  Episode 47 - Making of Willy Wonka Pinba ━━━━━━━━━ 70.0/70.0 56.6 MB/s 0:00:00
                                                     MB                         
✓ Downloaded: Episode 47 - Making of Willy Wonka Pinball

[52/98] Episode 46 - Is The Pinball Landscape Is About To Change?
  Episode 46 - Is The Pinball Landscape Is ━━━━━━━━━ 58.5/58.5 40.9 MB/s 0:00:00
                                                     MB                         
✓ Downloaded: Episode 46 - Is The Pinball Landscape Is About To Change?

[53/98] Episode 45 - Don't Let The Door Hit You
  Episode 45 - Don't Let The Door Hit You ━━━━━━━━━━ 32.6/32.6 52.5 MB/s 0:00:00
                                                     MB                         
✓ Downloaded: Episode 45 - Don't Let The Door Hit You

[54/98] Episode 44 - 2019 Texas Pinball Festival (Behind the Scenes)
  Episode 44 - 2019 Texas Pinball Festival ━━━━━━━━━ 72.2/72.2 45.0 MB/s 0:00:00
                                                     MB                         
✓ Downloaded: Episode 44 - 2019 Texas Pinball Festival (Behind the Scenes)

[55/98] 2019 TPF Bonus Coverage - Thursday
  2019 TPF Bonus Coverage - Thursday ━━━━━━━━━━━━ 16.8/16.8 MB 59.2 MB/s 0:00:00
✓ Downloaded: 2019 TPF Bonus Coverage - Thursday

[56/98] Episode 43 - Evolution and Future of Pinball
  Episode 43 - Evolution and Future of Pin ━━━━━━━━━ 55.9/55.9 17.5 MB/s 0:00:00
                                                     MB                         
✓ Downloaded: Episode 43 - Evolution and Future of Pinball

[57/98] Episode 42 - Buying and Selling Pinball
  Episode 42 - Buying and Selling Pinball ━━━━━━━━━━ 52.6/52.6 55.9 MB/s 0:00:00
                                                     MB                         
✓ Downloaded: Episode 42 - Buying and Selling Pinball

[58/98] Episode 41 - Companies Sabotaging Their Own Releases?
  Episode 41 - Companies Sabotaging Their  ━━━━━━━━━ 57.0/57.0 50.5 MB/s 0:00:00
                                                     MB                         
✓ Downloaded: Episode 41 - Companies Sabotaging Their Own Releases?

[59/98] Episode 40 - Eat, Sleep, Bet Pinball
  Episode 40 - Eat, Sleep, Bet Pinball ━━━━━━━━━━━ 52.1/52.1   68.3 MB/s 0:00:00
                                                   MB                           
✓ Downloaded: Episode 40 - Eat, Sleep, Bet Pinball

[60/98] Episode 39 - Let's Work Together (for a change)
  Episode 39 - Let's Work Together (for a  ━━━━━━━━━ 64.1/64.1 48.4 MB/s 0:00:00
                                                     MB                         
✓ Downloaded: Episode 39 - Let's Work Together (for a change)

[61/98] Episode 38 - Greg Freres & Steven Martin (Art Dept. Stern Pinball)
  Episode 38 - Greg Freres & Steven Martin ━━━━━━━━━ 58.6/58.6 50.9 MB/s 0:00:00
                                                     MB                         
✓ Downloaded: Episode 38 - Greg Freres & Steven Martin (Art Dept. Stern Pinball)

[62/98] Episode 37 - Brentt Brunner (Great Lakes Pinball)
  Episode 37 - Brentt Brunner (Great Lakes ━━━━━━━━━ 63.5/63.5 44.9 MB/s 0:00:00
                                                     MB                         
✓ Downloaded: Episode 37 - Brentt Brunner (Great Lakes Pinball)

[63/98] Episode 36 - Steve Bowden (Fun With Bonus - deeproot Pinball)
  Episode 36 - Steve Bowden (Fun With Bonu ━━━━━━━━━ 62.5/62.5 48.2 MB/s 0:00:00
                                                     MB                         
✓ Downloaded: Episode 36 - Steve Bowden (Fun With Bonus - deeproot Pinball)

[64/98] Episode 35 - The Super Fan
  Episode 35 - The Super Fan ━━━━━━━━━━━━━━━━━━━━ 56.0/56.0 MB 32.6 MB/s 0:00:00
✓ Downloaded: Episode 35 - The Super Fan

[65/98] Episode 34 - Limited Edition #601
  Episode 34 - Limited Edition #601 ━━━━━━━━━━━━━ 59.5/59.5 MB 45.9 MB/s 0:00:00
✓ Downloaded: Episode 34 - Limited Edition #601

[66/98] Episode 33 - Making of The Munsters Pinball
  Episode 33 - Making of The Munsters Pinb ━━━━━━━━━ 87.8/87.8 46.5 MB/s 0:00:00
                                                     MB                         
✓ Downloaded: Episode 33 - Making of The Munsters Pinball

[67/98] Episode 32 - Munsters Reveal and BIG ANNOUNCEMENT!
  Episode 32 - Munsters Reveal and BIG ANN ━━━━━━━━━ 20.4/20.4 38.0 MB/s 0:00:00
                                                     MB                         
✓ Downloaded: Episode 32 - Munsters Reveal and BIG ANNOUNCEMENT!

[68/98] Episode 31 - Zach Meny (SDTM & TWIP Podcast)
  Episode 31 - Zach Meny (SDTM & TWIP Podc ━━━━━━━━━ 91.9/91.9 45.0 MB/s 0:00:00
                                                     MB                         
✓ Downloaded: Episode 31 - Zach Meny (SDTM & TWIP Podcast)

[69/98] Episode 30 - Holiday Special 2018
  Episode 30 - Holiday Special 2018 ━━━━━━━━━━━━ 111.9/111.9   42.5 MB/s 0:00:00
                                                 MB                             
✓ Downloaded: Episode 30 - Holiday Special 2018

[70/98] Episode 29 - Pinball Podcasters are Munsters
  Episode 29 - Pinball Podcasters are Muns ━━━━━━━━━ 23.7/23.7 37.2 MB/s 0:00:00
                                                     MB                         
✓ Downloaded: Episode 29 - Pinball Podcasters are Munsters

[71/98] Episode 28 - Brian Eddy (Stern Pinball)
  Episode 28 - Brian Eddy (Stern Pinball) ━━━━━━━━━━ 75.2/75.2 48.0 MB/s 0:00:00
                                                     MB                         
✓ Downloaded: Episode 28 - Brian Eddy (Stern Pinball)

[72/98] Episode 27 - One more question Roger Sharpe
  Episode 27 - One more question Roger Sha ━━━━━━━━━ 44.6/44.6 27.6 MB/s 0:00:00
                                                     MB                         
✓ Downloaded: Episode 27 - One more question Roger Sharpe

[73/98] Episode 26 - Pinball Conspiracy Theory
  Episode 26 - Pinball Conspiracy Theory ━━━━━━━━━━ 60.1/60.1  21.1 MB/s 0:00:00
                                                    MB                          
✓ Downloaded: Episode 26 - Pinball Conspiracy Theory

[74/98] Episode 25 - Jack Danger (deadflip Pinball Streaming)
  Episode 25 - Jack Danger (deadflip Pinba ━━━━━━━━━ 67.4/67.4 35.6 MB/s 0:00:00
                                                     MB                         
✓ Downloaded: Episode 25 - Jack Danger (deadflip Pinball Streaming)

[75/98] Episode 24 - Todd Tuckey (TNT Amusements)
  Episode 24 - Todd Tuckey (TNT Amusements ━━━━━━━━━ 90.2/90.2 35.4 MB/s 0:00:00
                                                     MB                         
✓ Downloaded: Episode 24 - Todd Tuckey (TNT Amusements)

[76/98] Episode 23 - Pinball Horizons
  Episode 23 - Pinball Horizons ━━━━━━━━━━━━━━━━━ 40.2/40.2 MB 46.0 MB/s 0:00:00
✓ Downloaded: Episode 23 - Pinball Horizons

[77/98] Episode 22 - That SOUNDS good
  Episode 22 - That SOUNDS good ━━━━━━━━━━━━━━━━━ 56.0/56.0 MB 36.4 MB/s 0:00:00
✓ Downloaded: Episode 22 - That SOUNDS good

[78/98] Episode 21 - The Need For Speed
  Episode 21 - The Need For Speed ━━━━━━━━━━━━━━━ 51.8/51.8 MB 51.0 MB/s 0:00:00
✓ Downloaded: Episode 21 - The Need For Speed

[79/98] Episode 20 - Monkey See, Monkey Do
  Episode 20 - Monkey See, Monkey Do ━━━━━━━━━━━━ 49.7/49.7 MB 21.5 MB/s 0:00:00
✓ Downloaded: Episode 20 - Monkey See, Monkey Do

[80/98] Episode 19 - Is Chicagoland Pinball EXPO Back?
  Episode 19 - Is Chicagoland Pinball EXPO ━━━━━━━━━ 70.0/70.0 50.0 MB/s 0:00:00
                                                     MB                         
✓ Downloaded: Episode 19 - Is Chicagoland Pinball EXPO Back?

[81/98] Episode 18 - I Heard a Rumor
  Episode 18 - I Heard a Rumor ━━━━━━━━━━━━━━━━━━ 57.4/57.4 MB 43.1 MB/s 0:00:00
✓ Downloaded: Episode 18 - I Heard a Rumor

[82/98] Episode 17 - Make Pinball Great Again
  Episode 17 - Make Pinball Great Again ━━━━━━━━━━ 69.6/69.6   49.8 MB/s 0:00:00
                                                   MB                           
✓ Downloaded: Episode 17 - Make Pinball Great Again

[83/98] Episode 16 - Nirmal Vasani (Sales/Marketing American Pinball)
  Episode 16 - Nirmal Vasani (Sales/Market ━━━━━━━━━ 46.8/46.8 51.4 MB/s 0:00:00
                                                     MB                         
✓ Downloaded: Episode 16 - Nirmal Vasani (Sales/Marketing American Pinball)

[84/98] Episode 15 - Not Much
  Episode 15 - Not Much ━━━━━━━━━━━━━━━━━━━━━━━━━ 33.2/33.2 MB 50.6 MB/s 0:00:00
✓ Downloaded: Episode 15 - Not Much

[85/98] Episode 14 - Scott Danesi (Game #2 Teaser)
  Episode 14 - Scott Danesi (Game #2 Tease ━━━━━━━━━ 47.2/47.2 36.1 MB/s 0:00:00
                                                     MB                         
✓ Downloaded: Episode 14 - Scott Danesi (Game #2 Teaser)

[86/98] Episode 13 - Bad Boy Bill Takes Charge!
  Episode 13 - Bad Boy Bill Takes Charge! ━━━━━━━━━━ 68.6/68.6 41.4 MB/s 0:00:00
                                                     MB                         
✓ Downloaded: Episode 13 - Bad Boy Bill Takes Charge!

[87/98] Episode 12 - The Holy Grail
  Episode 12 - The Holy Grail ━━━━━━━━━━━━━━━━━━━ 30.8/30.8 MB 45.2 MB/s 0:00:00
✓ Downloaded: Episode 12 - The Holy Grail

[88/98] Episode 11 - Steve Ritchie - Senior Game Designer - STERN Pinball
  Episode 11 - Steve Ritchie - Senior Game ━━━━━━━━━ 65.0/65.0 43.1 MB/s 0:00:00
                                                     MB                         
✓ Downloaded: Episode 11 - Steve Ritchie - Senior Game Designer - STERN Pinball

[89/98] Episode 10 - SPECIALWHENLICIOUS!!!
  Episode 10 - SPECIALWHENLICIOUS!!! ━━━━━━━━━━━━ 29.7/29.7 MB 40.7 MB/s 0:00:00
✓ Downloaded: Episode 10 - SPECIALWHENLICIOUS!!!

[90/98] Episode 9 - Dead Pool, Pirates, Tigers and Bears...OH MY!
  Episode 9 - Dead Pool, Pirates, Tigers a ━━━━━━━━━ 32.4/32.4 29.1 MB/s 0:00:00
                                                     MB                         
✓ Downloaded: Episode 9 - Dead Pool, Pirates, Tigers and Bears...OH MY!

[91/98] Episode 8 - Dead Pool vs DOA Pins
  Episode 8 - Dead Pool vs DOA Pins ━━━━━━━━━━━━━ 52.6/52.6 MB 51.9 MB/s 0:00:00
✓ Downloaded: Episode 8 - Dead Pool vs DOA Pins

[92/98] Episode 7 - Field of "Pinball" Streams (If you build it, they will come)
  Episode 7 - Field of "Pinball" Streams ( ━━━━━━━━━ 30.9/30.9 50.6 MB/s 0:00:00
                                                     MB                         
✓ Downloaded: Episode 7 - Field of "Pinball" Streams (If you build it, they will
come)

[93/98] Episode 6 - Godzilla Bash
  Episode 6 - Godzilla Bash ━━━━━━━━━━━━━━━━━━━━━ 30.0/30.0 MB 50.4 MB/s 0:00:00
✓ Downloaded: Episode 6 - Godzilla Bash

[94/98] Episode 5 - So far so good
  Episode 5 - So far so good ━━━━━━━━━━━━━━━━━━━━ 35.5/35.5 MB 49.6 MB/s 0:00:00
✓ Downloaded: Episode 5 - So far so good

[95/98] Episode 4 - Terry DeZwarte - Owner Pinball Life
  Episode 4 - Terry DeZwarte - Owner Pinba ━━━━━━━━━ 93.8/93.8 48.3 MB/s 0:00:00
                                                     MB                         
✓ Downloaded: Episode 4 - Terry DeZwarte - Owner Pinball Life

[96/98] Episode 1 (Pilot)
  Episode 1 (Pilot) ━━━━━━━━━━━━━━━━━━━━━━━━━━━━━ 29.6/29.6 MB 43.6 MB/s 0:00:00
✓ Downloaded: Episode 1 (Pilot)

[97/98] Episode 3 - Dwight Sullivan (Lead Game Developer - STERN Pinball) 
Interview
  Episode 3 - Dwight Sullivan (Lead Game D ━━━━━━━━━ 74.0/74.0 50.7 MB/s 0:00:00
                                                     MB                         
✓ Downloaded: Episode 3 - Dwight Sullivan (Lead Game Developer - STERN Pinball) 
Interview

[98/98] Episode 2 - Around the pinball industry
  Episode 2 - Around the pinball industry ━━━━━━━━━━ 47.0/47.0 52.0 MB/s 0:00:00
                                                     MB                         
✓ Downloaded: Episode 2 - Around the pinball industry
✓ Podcast download complete: Special When Lit Podcast
