ℹ Detected: PODCAST - feeds.libsyn
ℹ Podcast type: rss
ℹ Fetching RSS feed...
╭─────────────────────────────── Content Found ────────────────────────────────╮
│ PODCAST: Silverball Chronicles: A Pinball History Podcast                    │
│                                                                              │
│ Found 50 episodes                                                            │
│                                                                              │
│ Preview:                                                                     │
│   • The Eras Tour - Jersey Jack Pinball Part 2                               │
│   • Pinball Tapas - Segasa-Sega S.A. Sonic Pinball                           │
│   • The Seasoned Vet Keith Elwin                                             │
│   • Pinball Down Under Part 3: Home Pin?!                                    │
│   • Meet The Gottliebs Part 2: Alvin G. & Co.                                │
│   ... and 45 more                                                            │
╰──────────────────────────────────────────────────────────────────────────────╯
ℹ Downloading 50 episodes to /Users/calsheimer/Desktop/content 
archiver/podcasts/Silverball_Chronicles_A_Pinball_History_Podcast

[1/50] The Eras Tour - Jersey Jack Pinball Part 2
  The Eras Tour - Jersey Jack Pinball Part ━━━━━━━━━━ 168.5/16… 7.6 MB/s 0:00:00
                                                      MB                        
✓ Downloaded: The Eras Tour - Jersey Jack Pinball Part 2

[2/50] Pinball Tapas - Segasa-Sega S.A. Sonic Pinball
  Pinball Tapas - Segasa-Sega S.A. Sonic P ━━━━━━━━━ 96.5/96.5 10.0 MB/s 0:00:00
                                                     MB                         
✓ Downloaded: Pinball Tapas - Segasa-Sega S.A. Sonic Pinball

[3/50] The Seasoned Vet Keith Elwin
  The Seasoned Vet Keith Elwin ━━━━━━━━━━━━━━━━━ 196.3/196.3 MB 9.9 MB/s 0:00:00
✓ Downloaded: The Seasoned Vet Keith Elwin

[4/50] Pinball Down Under Part 3: Home Pin?!
  Pinball Down Under Part 3: Home Pin?! ━━━━━━━━━━━ 76.0/76.0   8.9 MB/s 0:00:00
                                                    MB                          
✓ Downloaded: Pinball Down Under Part 3: Home Pin?!

[5/50] Meet The Gottliebs Part 2: Alvin G. & Co.
  Meet The Gottliebs Part 2: Alvin G. & Co ━━━━━━━━━ 83.8/83.8 10.6 MB/s 0:00:00
                                                     MB                         
✓ Downloaded: Meet The Gottliebs Part 2: Alvin G. & Co.

[6/50] Even Jersey Jack Pinball Left New Jersey
  Even Jersey Jack Pinball Left New Jersey ━━━━━━━━━ 81.2/81.2 10.2 MB/s 0:00:00
                                                     MB                         
✓ Downloaded: Even Jersey Jack Pinball Left New Jersey

[7/50] Are Barrels (Of) Fun?
  Are Barrels (Of) Fun? ━━━━━━━━━━━━━━━━━━━━━━━━━ 81.4/81.4 MB 10.6 MB/s 0:00:00
✓ Downloaded: Are Barrels (Of) Fun?

[8/50] Pinball Down Under Part 2: Hankerin' For Some Hankin + Mr. Pinball
  Pinball Down Under Part 2: Hankerin' For ━━━━━━━━━━ 82.4/82.4 8.9 MB/s 0:00:00
                                                      MB                        
✓ Downloaded: Pinball Down Under Part 2: Hankerin' For Some Hankin + Mr. Pinball

[9/50] Meet The Gottliebs: D. Gottlieb & Co.
  Meet The Gottliebs: D. Gottlieb & Co. ━━━━━━━━━━━ 70.9/70.9   9.2 MB/s 0:00:00
                                                    MB                          
✓ Downloaded: Meet The Gottliebs: D. Gottlieb & Co.

[10/50] Pinball Down Under Part 1: Haggis Pinball
  Pinball Down Under Part 1: Haggis Pinbal ━━━━━━━━━━ 159.6/15… 9.8 MB/s 0:00:00
                                                      MB                        
✓ Downloaded: Pinball Down Under Part 1: Haggis Pinball

[11/50] Multimorphic Is Reshaping Pinball
  Multimorphic Is Reshaping Pinball ━━━━━━━━━━━━━ 148.6/148.6   9.6 MB/s 0:00:00
                                                  MB                            
✓ Downloaded: Multimorphic Is Reshaping Pinball

[12/50] By Golly It's Bingo
  By Golly It's Bingo ━━━━━━━━━━━━━━━━━━━━━━━━━ 118.1/118.1 MB 10.4 MB/s 0:00:00
✓ Downloaded: By Golly It's Bingo

[13/50] Yes… More Roger Sharpe
  Yes… More Roger Sharpe ━━━━━━━━━━━━━━━━━━━━━━━ 111.4/111.4 MB 9.2 MB/s 0:00:00
✓ Downloaded: Yes… More Roger Sharpe

[14/50] The Token Roger Sharpe Episode
  The Token Roger Sharpe Episode ━━━━━━━━━━━━━━━━━ 96.1/96.1 MB 6.0 MB/s 0:00:00
✓ Downloaded: The Token Roger Sharpe Episode

[15/50] The Capcom Debacle Part 2: Illinois PinBall Inc.
  The Capcom Debacle Part 2: Illinois PinB ━━━━━━━━━ 54.9/54.9 10.1 MB/s 0:00:00
                                                     MB                         
✓ Downloaded: The Capcom Debacle Part 2: Illinois PinBall Inc.

[16/50] The Capcom Debacle Part 1
  The Capcom Debacle Part 1 ━━━━━━━━━━━━━━━━━━ 124.7/124.7 MB 317.9 kB/s 0:00:00
✓ Downloaded: The Capcom Debacle Part 1

[17/50] Joe Balcer – The King Of Clunk
  Joe Balcer – The King Of Clunk ━━━━━━━━━━━━━━━━━ 97.9/97.9 MB 8.2 MB/s 0:00:00
✓ Downloaded: Joe Balcer – The King Of Clunk

[18/50] Silverball Chronicles BONUS: Our Top Pins
  Silverball Chronicles BONUS: Our Top Pin ━━━━━━━━━ 16.5/16.5 294.8     0:00:00
                                                     MB        kB/s             
✓ Downloaded: Silverball Chronicles BONUS: Our Top Pins

[19/50] The Bro Of Flow: John Borg Part 2
  The Bro Of Flow: John Borg Part 2 ━━━━━━━━━━━━━ 145.2/145.2   8.3 MB/s 0:00:00
                                                  MB                            
✓ Downloaded: The Bro Of Flow: John Borg Part 2

[20/50] Pinball Is Dying Part 4 – What Led Gottlieb To The Mylstar Nosedive?
  Pinball Is Dying Part 4 – What Led Gottl ━━━━━━━━━━ 73.5/73.5 9.0 MB/s 0:00:00
                                                      MB                        
✓ Downloaded: Pinball Is Dying Part 4 – What Led Gottlieb To The Mylstar 
Nosedive?

[21/50] Pinball's Centenarian – Wayne Neyens
  Pinball's Centenarian – Wayne Neyens ━━━━━━━━━━━ 79.7/79.7   10.0 MB/s 0:00:00
                                                   MB                           
✓ Downloaded: Pinball's Centenarian – Wayne Neyens

[22/50] Everything is Lit! Keith P Johnson and Jersey Jack Pinball
  Everything is Lit! Keith P Johnson and J ━━━━━━━━━━ 117.4/11… 7.4 MB/s 0:00:00
                                                      MB                        
✓ Downloaded: Everything is Lit! Keith P Johnson and Jersey Jack Pinball

[23/50] Pinball Is Dying Part 3 – Bally-Midway
  Pinball Is Dying Part 3 – Bally-Midway ━━━━━━━━━━ 98.4/98.4   9.6 MB/s 0:00:00
                                                    MB                          
✓ Downloaded: Pinball Is Dying Part 3 – Bally-Midway

[24/50] A Brief History Of Pinball
  A Brief History Of Pinball ━━━━━━━━━━━━━━━━━━━ 103.8/103.8 MB 7.8 MB/s 0:00:00
✓ Downloaded: A Brief History Of Pinball

[25/50] The Architect – George Gomez Part 2
  The Architect – George Gomez Part 2 ━━━━━━━━━━━━ 119.9/119.9 11.3 MB/s 0:00:00
                                                   MB                           
✓ Downloaded: The Architect – George Gomez Part 2

[26/50] Playing Catch Up: Gottlieb System 80
  Playing Catch Up: Gottlieb System 80 ━━━━━━━━━━━━ 152.4/152.4 9.1 MB/s 0:00:00
                                                    MB                          
✓ Downloaded: Playing Catch Up: Gottlieb System 80

[27/50] Data East – Fake It Til Ya Make It
  Data East – Fake It Til Ya Make It ━━━━━━━━━━━━ 128.5/128.5   8.2 MB/s 0:00:00
                                                  MB                            
✓ Downloaded: Data East – Fake It Til Ya Make It

[28/50] Down The Rabbit Hole With John Popaduik
  Down The Rabbit Hole With John Popaduik ━━━━━━━━━━ 108.7/108… 9.3 MB/s 0:00:00
                                                     MB                         
✓ Downloaded: Down The Rabbit Hole With John Popaduik

[29/50] Mr. Nordman, Let's Talk About Your Ramps
  Mr. Nordman, Let's Talk About Your Ramps ━━━━━━━━━ 121.5/12… 308.7     0:00:00
                                                     MB        kB/s             
✓ Downloaded: Mr. Nordman, Let's Talk About Your Ramps

[30/50] Inside The Mind Of Lyman Sheats
  Inside The Mind Of Lyman Sheats ━━━━━━━━━━━━━━ 125.3/125.3 MB 9.2 MB/s 0:00:00
✓ Downloaded: Inside The Mind Of Lyman Sheats

[31/50] Pinball Is Dying – Part 2: Bally/Williams
  Pinball Is Dying – Part 2: Bally/William ━━━━━━━━━━ 104.3/10… 9.8 MB/s 0:00:00
                                                      MB                        
✓ Downloaded: Pinball Is Dying – Part 2: Bally/Williams

[32/50] 80s Cheese Done Right – Gottlieb 80b
  80s Cheese Done Right – Gottlieb 80b ━━━━━━━━━━━━ 123.2/123.2 8.4 MB/s 0:00:00
                                                    MB                          
✓ Downloaded: 80s Cheese Done Right – Gottlieb 80b

[33/50] The Mechs That Made Us – 90s Bally-Williams
  The Mechs That Made Us – 90s Bally-Willi ━━━━━━━━━━ 105.8/10… 8.4 MB/s 0:00:00
                                                      MB                        
✓ Downloaded: The Mechs That Made Us – 90s Bally-Williams

[34/50] Steve Ritchie Part III: The Return… to Stern
  Steve Ritchie Part III: The Return… to S ━━━━━━━━━ 152.8/15… 10.2 MB/s 0:00:00
                                                     MB                         
✓ Downloaded: Steve Ritchie Part III: The Return… to Stern

[35/50] Millennium Moment- Pinball 2000
  Millennium Moment- Pinball 2000 ━━━━━━━━━━━━━━━━ 86.4/86.4 MB 9.5 MB/s 0:00:00
✓ Downloaded: Millennium Moment- Pinball 2000

[36/50] Barry Oursler Saves Pinball
  Barry Oursler Saves Pinball ━━━━━━━━━━━━━━━━━━━ 98.1/98.1 MB 10.4 MB/s 0:00:00
✓ Downloaded: Barry Oursler Saves Pinball

[37/50] Gomez – This One Has A Lot Of Arcade Stuff
  Gomez – This One Has A Lot Of Arcade Stu ━━━━━━━━━━ 88.5/88.5 9.1 MB/s 0:00:00
                                                      MB                        
✓ Downloaded: Gomez – This One Has A Lot Of Arcade Stuff

[38/50] Pat Lawlor Part 2 – Williams Wreck'n Ball
  Pat Lawlor Part 2 – Williams Wreck'n Bal ━━━━━━━━━ 87.9/87.9 323.9     0:00:00
                                                     MB        kB/s             
✓ Downloaded: Pat Lawlor Part 2 – Williams Wreck'n Ball

[39/50] Pinball Is Dying: Williams In The Early 80s
  Pinball Is Dying: Williams In The Early  ━━━━━━━━━━ 95.0/95.0 8.6 MB/s 0:00:00
                                                      MB                        
✓ Downloaded: Pinball Is Dying: Williams In The Early 80s

[40/50] Dwight Sullivan – The Creation Of Complexity
  Dwight Sullivan – The Creation Of Comple ━━━━━━━━━━ 74.7/74.7 8.1 MB/s 0:00:00
                                                      MB                        
✓ Downloaded: Dwight Sullivan – The Creation Of Complexity

[41/50] Lawlor – Pinball's Rollercoaster Tycoon
  Lawlor – Pinball's Rollercoaster Tycoon ━━━━━━━━━━ 117.3/117… 6.2 MB/s 0:00:00
                                                     MB                         
✓ Downloaded: Lawlor – Pinball's Rollercoaster Tycoon

[42/50] Borgie – Living The 90s License Dream
  Borgie – Living The 90s License Dream ━━━━━━━━━━━ 104.1/104.1 9.3 MB/s 0:00:00
                                                    MB                          
✓ Downloaded: Borgie – Living The 90s License Dream

[43/50] Moving Units Part 2 – The Class Of 1981
  Moving Units Part 2 – The Class Of 1981 ━━━━━━━━━━ 118.4/118… 9.0 MB/s 0:00:00
                                                     MB                         
✓ Downloaded: Moving Units Part 2 – The Class Of 1981

[44/50] Moving Units – Bally's Art Revolution
  Moving Units – Bally's Art Revolution ━━━━━━━━━━━ 102.9/102.9 7.1 MB/s 0:00:00
                                                    MB                          
✓ Downloaded: Moving Units – Bally's Art Revolution

[45/50] Steve Ritchie – The Mullet Years
  Steve Ritchie – The Mullet Years ━━━━━━━━━━━━━━ 109.2/109.2   9.1 MB/s 0:00:00
                                                  MB                            
✓ Downloaded: Steve Ritchie – The Mullet Years

[46/50] Stepping on Rakes – Gottlieb System 1
  Stepping on Rakes – Gottlieb System 1 ━━━━━━━━━━━ 106.5/106.5 6.5 MB/s 0:00:00
                                                    MB                          
✓ Downloaded: Stepping on Rakes – Gottlieb System 1

[47/50] Bat Sh*t Crazy: The Python Anghelo Story
  Bat Sh*t Crazy: The Python Anghelo Story ━━━━━━━━━━ 113.6/11… 7.9 MB/s 0:00:00
                                                      MB                        
✓ Downloaded: Bat Sh*t Crazy: The Python Anghelo Story

[48/50] Zombie Pinball – The Gottlieb System 3 Era
  Zombie Pinball – The Gottlieb System 3 E ━━━━━━━━━━ 104.6/10… 8.2 MB/s 0:00:00
                                                      MB                        
✓ Downloaded: Zombie Pinball – The Gottlieb System 3 Era

[49/50] Stern Electronics… No, Not That Stern
  Stern Electronics… No, Not That Stern ━━━━━━━━━━━ 104.1/104.1 8.2 MB/s 0:00:00
                                                    MB                          
✓ Downloaded: Stern Electronics… No, Not That Stern

[50/50] Steve Ritchie – Before The Mullet
  Steve Ritchie – Before The Mullet ━━━━━━━━━━━━━━ 89.6/89.6 MB 7.7 MB/s 0:00:00
✓ Downloaded: Steve Ritchie – Before The Mullet
✓ Podcast download complete: Silverball Chronicles: A Pinball History Podcast
