ℹ Detected: PODCAST - feeds.buzzsprout
ℹ Podcast type: rss
ℹ Fetching RSS feed...
╭─────────────────────────────── Content Found ────────────────────────────────╮
│ PODCAST: Wedgehead Pinball Podcast                                           │
│                                                                              │
│ Found 110 episodes                                                           │
│                                                                              │
│ Preview:                                                                     │
│   • Episode 109 - A Casual Look Back at 2025 w/ Megan the Waterg...          │
│   • Episode 108 - Center Ramps                                               │
│   • Episode 107 - Holiday Special                                            │
│   • Episode 106 - Ballsaves: Pinball's Biggest Mistake!                      │
│   • Bonus Episode - Best Game Ever: JAWS                                     │
│   ... and 105 more                                                           │
╰──────────────────────────────────────────────────────────────────────────────╯
ℹ Downloading 110 episodes to /Users/calsheimer/Desktop/content 
archiver/podcasts/Wedgehead_Pinball_Podcast

[1/110] Episode 109 - A Casual Look Back at 2025 w/ Megan the Watergirl
  Episode 109 - A Casual Look Back at 2025 ━━━━━━━━━ 59.4/59.4 47.4 MB/s 0:00:00
                                                     MB                         
✓ Downloaded: Episode 109 - A Casual Look Back at 2025 w/ Megan the Watergirl

[2/110] Episode 108 - Center Ramps
  Episode 108 - Center Ramps ━━━━━━━━━━━━━━━━━━━━ 36.9/36.9 MB 43.1 MB/s 0:00:00
✓ Downloaded: Episode 108 - Center Ramps

[3/110] Episode 107 - Holiday Special
  Episode 107 - Holiday Special ━━━━━━━━━━━━━━━━━ 26.2/26.2 MB 63.5 MB/s 0:00:00
✓ Downloaded: Episode 107 - Holiday Special

[4/110] Episode 106 - Ballsaves: Pinball's Biggest Mistake!
  Episode 106 - Ballsaves: Pinball's Bigge ━━━━━━━━━ 33.3/33.3 63.4 MB/s 0:00:00
                                                     MB                         
✓ Downloaded: Episode 106 - Ballsaves: Pinball's Biggest Mistake!

[5/110] Bonus Episode - Best Game Ever: JAWS
  Bonus Episode - Best Game Ever: JAWS ━━━━━━━━━━━ 24.8/24.8   50.1 MB/s 0:00:00
                                                   MB                           
✓ Downloaded: Bonus Episode - Best Game Ever: JAWS

[6/110] Episode 105 - Pinball Hindsight Awards 1991
  Episode 105 - Pinball Hindsight Awards 1 ━━━━━━━━━ 34.7/34.7 44.2 MB/s 0:00:00
                                                     MB                         
✓ Downloaded: Episode 105 - Pinball Hindsight Awards 1991

[7/110] Episode 104 - John Borg: The Man Who Doesn't F*&k Around
  Episode 104 - John Borg: The Man Who Doe ━━━━━━━━━ 45.6/45.6 39.6 MB/s 0:00:00
                                                     MB                         
✓ Downloaded: Episode 104 - John Borg: The Man Who Doesn't F*&k Around

[8/110] Episode 103 - Die on this Hill: Shaq Attaq
  Episode 103 - Die on this Hill: Shaq Att ━━━━━━━━━ 38.2/38.2 50.0 MB/s 0:00:00
                                                     MB                         
✓ Downloaded: Episode 103 - Die on this Hill: Shaq Attaq

[9/110] Episode 102 - Community Building
  Episode 102 - Community Building ━━━━━━━━━━━━━━ 34.4/34.4 MB 68.0 MB/s 0:00:00
✓ Downloaded: Episode 102 - Community Building

[10/110] Episode 101 - Best Game Ever: NASCAR
  Episode 101 - Best Game Ever: NASCAR ━━━━━━━━━━━ 40.1/40.1   33.2 MB/s 0:00:00
                                                   MB                           
✓ Downloaded: Episode 101 - Best Game Ever: NASCAR

[11/110] REDACTED Episode
  REDACTED Episode ━━━━━━━━━━━━━━━━━━━━━━━━━━━━━━━━ 1.0/1.0 MB 37.3 MB/s 0:00:00
✓ Downloaded: REDACTED Episode

[12/110] Episode 99 - Much Ado About Toppers
  Episode 99 - Much Ado About Toppers ━━━━━━━━━━━━ 40.1/40.1   41.1 MB/s 0:00:00
                                                   MB                           
✓ Downloaded: Episode 99 - Much Ado About Toppers

[13/110] Episode 98 - Evolution of the Flipper
  Episode 98 - Evolution of the Flipper ━━━━━━━━━━ 45.7/45.7   35.1 MB/s 0:00:00
                                                   MB                           
✓ Downloaded: Episode 98 - Evolution of the Flipper

[14/110] Episode 97 - The Music of Chris Granner w/ Chris Granner
  Episode 97 - The Music of Chris Granner  ━━━━━━━━━ 56.7/56.7 50.0 MB/s 0:00:00
                                                     MB                         
✓ Downloaded: Episode 97 - The Music of Chris Granner w/ Chris Granner

[15/110] Episode 96 - Pinball Composer w/ Chris Granner
  Episode 96 - Pinball Composer w/ Chris G ━━━━━━━━━ 58.6/58.6 55.8 MB/s 0:00:00
                                                     MB                         
✓ Downloaded: Episode 96 - Pinball Composer w/ Chris Granner

[16/110] Episode 95 - Playfield Multipliers
  Episode 95 - Playfield Multipliers ━━━━━━━━━━━━ 40.6/40.6 MB 65.6 MB/s 0:00:00
✓ Downloaded: Episode 95 - Playfield Multipliers

[17/110] Episode 94 - Pinball Hindsight Awards 1985
  Episode 94 - Pinball Hindsight Awards 19 ━━━━━━━━━ 30.9/30.9 54.1 MB/s 0:00:00
                                                     MB                         
✓ Downloaded: Episode 94 - Pinball Hindsight Awards 1985

[18/110] Episode 93 - John Popadiuk: Pinball's Magic Man
  Episode 93 - John Popadiuk: Pinball's Ma ━━━━━━━━━ 46.5/46.5 44.3 MB/s 0:00:00
                                                     MB                         
✓ Downloaded: Episode 93 - John Popadiuk: Pinball's Magic Man

[19/110] Episode 92 - Programmers: The Unsung Heroes of Pinball
  Episode 92 - Programmers: The Unsung Her ━━━━━━━━━ 36.5/36.5 48.4 MB/s 0:00:00
                                                     MB                         
✓ Downloaded: Episode 92 - Programmers: The Unsung Heroes of Pinball

[20/110] Episode 91 - Stern's Dark Age: Pinball in the 2000s
  Episode 91 - Stern's Dark Age: Pinball i ━━━━━━━━━ 43.7/43.7 65.9 MB/s 0:00:00
                                                     MB                         
✓ Downloaded: Episode 91 - Stern's Dark Age: Pinball in the 2000s

[21/110] Episode 90 - Pinball Hindsight Awards 1990
  Episode 90 - Pinball Hindsight Awards 19 ━━━━━━━━━ 30.6/30.6 36.7 MB/s 0:00:00
                                                     MB                         
✓ Downloaded: Episode 90 - Pinball Hindsight Awards 1990

[22/110] Episode 89 - Die on this Hill: Star Wars Episode One
  Episode 89 - Die on this Hill: Star Wars ━━━━━━━━━ 45.5/45.5 63.4 MB/s 0:00:00
                                                     MB                         
✓ Downloaded: Episode 89 - Die on this Hill: Star Wars Episode One

[23/110] Episode 88 - Pinball on Location
  Episode 88 - Pinball on Location ━━━━━━━━━━━━━━ 29.9/29.9 MB 43.1 MB/s 0:00:00
✓ Downloaded: Episode 88 - Pinball on Location

[24/110] Episode 87 - Pinball is Supposed to be HARD!
  Episode 87 - Pinball is Supposed to be H ━━━━━━━━━ 41.7/41.7 66.5 MB/s 0:00:00
                                                     MB                         
✓ Downloaded: Episode 87 - Pinball is Supposed to be HARD!

[25/110] Episode 86 - Pinball Economics 101
  Episode 86 - Pinball Economics 101 ━━━━━━━━━━━━ 38.5/38.5 MB 48.4 MB/s 0:00:00
✓ Downloaded: Episode 86 - Pinball Economics 101

[26/110] Episode 85 - Die on this Hill: Future Spa
  Episode 85 - Die on this Hill: Future Sp ━━━━━━━━━ 24.3/24.3 33.4 MB/s 0:00:00
                                                     MB                         
✓ Downloaded: Episode 85 - Die on this Hill: Future Spa

[27/110] Episode 84 - The Bally Table King: George Christian
  Episode 84 - The Bally Table King: Georg ━━━━━━━━━ 44.9/44.9 42.0 MB/s 0:00:00
                                                     MB                         
✓ Downloaded: Episode 84 - The Bally Table King: George Christian

[28/110] Episode 83 - Soft Licenses
  Episode 83 - Soft Licenses ━━━━━━━━━━━━━━━━━━━━ 36.5/36.5 MB 27.9 MB/s 0:00:00
✓ Downloaded: Episode 83 - Soft Licenses

[29/110] Episode 82 - Pinball Shows
  Episode 82 - Pinball Shows ━━━━━━━━━━━━━━━━━━━━ 31.5/31.5 MB 36.6 MB/s 0:00:00
✓ Downloaded: Episode 82 - Pinball Shows

[30/110] Episode 81 - Die on this Hill: South Park
  Episode 81 - Die on this Hill: South Par ━━━━━━━━━ 31.5/31.5 43.0 MB/s 0:00:00
                                                     MB                         
✓ Downloaded: Episode 81 - Die on this Hill: South Park

[31/110] Episode 80 - Rural Operator Spotlight Series
  Episode 80 - Rural Operator Spotlight Se ━━━━━━━━━ 42.6/42.6 52.7 MB/s 0:00:00
                                                     MB                         
✓ Downloaded: Episode 80 - Rural Operator Spotlight Series

[32/110] Episode 79 - Licensed Themes
  Episode 79 - Licensed Themes ━━━━━━━━━━━━━━━━━━ 41.7/41.7 MB 41.6 MB/s 0:00:00
✓ Downloaded: Episode 79 - Licensed Themes

[33/110] Episode 78 - Sopranos Pinball w/ George Gomez
  Episode 78 - Sopranos Pinball w/ George  ━━━━━━━━━ 49.1/49.1 48.7 MB/s 0:00:00
                                                     MB                         
✓ Downloaded: Episode 78 - Sopranos Pinball w/ George Gomez

[34/110] Episode 77 - Die on this Hill: Bally Dungeons & Dragons
  Episode 77 - Die on this Hill: Bally Dun ━━━━━━━━━ 31.1/31.1 36.7 MB/s 0:00:00
                                                     MB                         
✓ Downloaded: Episode 77 - Die on this Hill: Bally Dungeons & Dragons

[35/110] Episode 76 - Original Themes
  Episode 76 - Original Themes ━━━━━━━━━━━━━━━━━━ 54.4/54.4 MB 39.7 MB/s 0:00:00
✓ Downloaded: Episode 76 - Original Themes

[36/110] Episode 75 - Die on this Hill: Raven w/ Scott Danesi
  Episode 75 - Die on this Hill: Raven w/  ━━━━━━━━━ 31.0/31.0 40.9 MB/s 0:00:00
                                                     MB                         
✓ Downloaded: Episode 75 - Die on this Hill: Raven w/ Scott Danesi

[37/110] Episode 74 - The Mind of Scott Danesi
  Episode 74 - The Mind of Scott Danesi ━━━━━━━━━━ 52.7/52.7   51.5 MB/s 0:00:00
                                                   MB                           
✓ Downloaded: Episode 74 - The Mind of Scott Danesi

[38/110] Episode 73 - Gottlieb System 3: The End of an Empire
  Episode 73 - Gottlieb System 3: The End  ━━━━━━━━━ 60.0/60.0 59.0 MB/s 0:00:00
                                                     MB                         
✓ Downloaded: Episode 73 - Gottlieb System 3: The End of an Empire

[39/110] Episode 72 - Operator Spotlight: Astoria Pinball
  Episode 72 - Operator Spotlight: Astoria ━━━━━━━━━ 32.2/32.2 44.8 MB/s 0:00:00
                                                     MB                         
✓ Downloaded: Episode 72 - Operator Spotlight: Astoria Pinball

[40/110] Episode 71 - Women's Competitive Pinball
  Episode 71 - Women's Competitive Pinball ━━━━━━━━━ 45.3/45.3 37.2 MB/s 0:00:00
                                                     MB                         
✓ Downloaded: Episode 71 - Women's Competitive Pinball

[41/110] Episode 70 - Legendary Women of the Pinball Industry
  Episode 70 - Legendary Women of the Pinb ━━━━━━━━━ 36.0/36.0 39.6 MB/s 0:00:00
                                                     MB                         
✓ Downloaded: Episode 70 - Legendary Women of the Pinball Industry

[42/110] Episode 69 - Die on this Hill: High Roller Casino
  Episode 69 - Die on this Hill: High Roll ━━━━━━━━━ 35.1/35.1 43.8 MB/s 0:00:00
                                                     MB                         
✓ Downloaded: Episode 69 - Die on this Hill: High Roller Casino

[43/110] Episode 68 - Band Pins
  Episode 68 - Band Pins ━━━━━━━━━━━━━━━━━━━━━━━━ 50.1/50.1 MB 54.5 MB/s 0:00:00
✓ Downloaded: Episode 68 - Band Pins

[44/110] Episode 67 - Pinball Seller's Guide
  Episode 67 - Pinball Seller's Guide ━━━━━━━━━━━━ 25.6/25.6   50.0 MB/s 0:00:00
                                                   MB                           
✓ Downloaded: Episode 67 - Pinball Seller's Guide

[45/110] Episode 66 - Pinball Maintenance
  Episode 66 - Pinball Maintenance ━━━━━━━━━━━━━━ 36.7/36.7 MB 51.0 MB/s 0:00:00
✓ Downloaded: Episode 66 - Pinball Maintenance

[46/110] Episode 65 - Die on this Hill: Wheel of Fortune
  Episode 65 - Die on this Hill: Wheel of  ━━━━━━━━━ 32.6/32.6 48.4 MB/s 0:00:00
                                                     MB                         
✓ Downloaded: Episode 65 - Die on this Hill: Wheel of Fortune

[47/110] Episode 64 - Pinball Buyer's Guide
  Episode 64 - Pinball Buyer's Guide ━━━━━━━━━━━━ 39.6/39.6 MB 49.4 MB/s 0:00:00
✓ Downloaded: Episode 64 - Pinball Buyer's Guide

[48/110] Episode 63 - The Pinball Map
  Episode 63 - The Pinball Map ━━━━━━━━━━━━━━━━━━ 33.5/33.5 MB 10.8 MB/s 0:00:00
✓ Downloaded: Episode 63 - The Pinball Map

[49/110] Episode 62 - Fan Layouts
  Episode 62 - Fan Layouts ━━━━━━━━━━━━━━━━━━━━━━ 30.9/30.9 MB 52.2 MB/s 0:00:00
✓ Downloaded: Episode 62 - Fan Layouts

[50/110] Episode 61 - Tournament Pinball
  Episode 61 - Tournament Pinball ━━━━━━━━━━━━━━━ 43.1/43.1 MB 59.9 MB/s 0:00:00
✓ Downloaded: Episode 61 - Tournament Pinball

[51/110] Episode 60 - Die on This Hill: World Poker Tour
  Episode 60 - Die on This Hill: World Pok ━━━━━━━━━ 40.5/40.5 59.9 MB/s 0:00:00
                                                     MB                         
✓ Downloaded: Episode 60 - Die on This Hill: World Poker Tour

[52/110] Episode 59 - How to Run an Independent Pinball Bar
  Episode 59 - How to Run an Independent P ━━━━━━━━━ 40.3/40.3 57.9 MB/s 0:00:00
                                                     MB                         
✓ Downloaded: Episode 59 - How to Run an Independent Pinball Bar

[53/110] Episode 58 - DEATHSAVES
  Episode 58 - DEATHSAVES ━━━━━━━━━━━━━━━━━━━━━━━ 31.8/31.8 MB 63.4 MB/s 0:00:00
✓ Downloaded: Episode 58 - DEATHSAVES

[54/110] Episode 57 - Pinball AirBnB / DOTH Road Kings
  Episode 57 - Pinball AirBnB / DOTH Road  ━━━━━━━━━ 37.3/37.3 58.1 MB/s 0:00:00
                                                     MB                         
✓ Downloaded: Episode 57 - Pinball AirBnB / DOTH Road Kings

[55/110] Episode 56 - One Year Anniversary Q+A
  Episode 56 - One Year Anniversary Q+A ━━━━━━━━━━ 68.2/68.2   65.8 MB/s 0:00:00
                                                   MB                           
✓ Downloaded: Episode 56 - One Year Anniversary Q+A

[56/110] Episode 55 - Operator Spotlight: Quarters SLC
  Episode 55 - Operator Spotlight: Quarter ━━━━━━━━━ 35.5/35.5 36.9 MB/s 0:00:00
                                                     MB                         
✓ Downloaded: Episode 55 - Operator Spotlight: Quarters SLC

[57/110] Episode 54 - Pinball Metamorphosis: The System 11 Era Pt.2
  Episode 54 - Pinball Metamorphosis: The  ━━━━━━━━━ 33.0/33.0 51.0 MB/s 0:00:00
                                                     MB                         
✓ Downloaded: Episode 54 - Pinball Metamorphosis: The System 11 Era Pt.2

[58/110] Episode 53 - Pinball Metamorphosis: The System 11 Era Pt.1
  Episode 53 - Pinball Metamorphosis: The  ━━━━━━━━━ 33.3/33.3 49.7 MB/s 0:00:00
                                                     MB                         
✓ Downloaded: Episode 53 - Pinball Metamorphosis: The System 11 Era Pt.1

[59/110] Episode 52 - Gateway Games
  Episode 52 - Gateway Games ━━━━━━━━━━━━━━━━━━━━ 39.6/39.6 MB 58.7 MB/s 0:00:00
✓ Downloaded: Episode 52 - Gateway Games

[60/110] Episode 51 - How to Draw Dinosaurs w/ Johnny Crap
  Episode 51 - How to Draw Dinosaurs w/ Jo ━━━━━━━━━ 35.9/35.9 46.6 MB/s 0:00:00
                                                     MB                         
✓ Downloaded: Episode 51 - How to Draw Dinosaurs w/ Johnny Crap

[61/110] Episode 50 - The 90s Pinball Renaissance Pt.2 w/ Roger Sharpe
  Episode 50 - The 90s Pinball Renaissance ━━━━━━━━━ 59.0/59.0 41.7 MB/s 0:00:00
                                                     MB                         
✓ Downloaded: Episode 50 - The 90s Pinball Renaissance Pt.2 w/ Roger Sharpe

[62/110] Episode 49 - The 90s Pinball Renaissance Pt.1 w/ Roger Sharpe
  Episode 49 - The 90s Pinball Renaissance ━━━━━━━━━ 55.2/55.2 35.0 MB/s 0:00:00
                                                     MB                         
✓ Downloaded: Episode 49 - The 90s Pinball Renaissance Pt.1 w/ Roger Sharpe

[63/110] Episode 48 - Insider Connected
  Episode 48 - Insider Connected ━━━━━━━━━━━━━━━━ 42.2/42.2 MB 59.2 MB/s 0:00:00
✓ Downloaded: Episode 48 - Insider Connected

[64/110] Episode 47 - Gottlieb vs. Paramount Pictures
  Episode 47 - Gottlieb vs. Paramount Pict ━━━━━━━━━ 28.5/28.5 41.3 MB/s 0:00:00
                                                     MB                         
✓ Downloaded: Episode 47 - Gottlieb vs. Paramount Pictures

[65/110] Episode 46 - Die on this Hill: Rocky & Bullwinkle
  Episode 46 - Die on this Hill: Rocky & B ━━━━━━━━━ 41.1/41.1 48.8 MB/s 0:00:00
                                                     MB                         
✓ Downloaded: Episode 46 - Die on this Hill: Rocky & Bullwinkle

[66/110] Episode 45 - Pinball Art Director w/ Greg Freres
  Episode 45 - Pinball Art Director w/ Gre ━━━━━━━━━ 53.0/53.0 58.9 MB/s 0:00:00
                                                     MB                         
✓ Downloaded: Episode 45 - Pinball Art Director w/ Greg Freres

[67/110] Episode 44 - The Notorious Bally Art Department w/ Greg Freres
  Episode 44 - The Notorious Bally Art Dep ━━━━━━━━━ 37.7/37.7 58.0 MB/s 0:00:00
                                                     MB                         
✓ Downloaded: Episode 44 - The Notorious Bally Art Department w/ Greg Freres

[68/110] Episode 43 - MEGALOCATIONS!
  Episode 43 - MEGALOCATIONS! ━━━━━━━━━━━━━━━━━━━ 43.9/43.9 MB 50.7 MB/s 0:00:00
✓ Downloaded: Episode 43 - MEGALOCATIONS!

[69/110] Episode 42 - Die on this Hill: Sega Godzilla
  Episode 42 - Die on this Hill: Sega Godz ━━━━━━━━━ 27.3/27.3 47.6 MB/s 0:00:00
                                                     MB                         
✓ Downloaded: Episode 42 - Die on this Hill: Sega Godzilla

[70/110] Episode 41 - Homebrew Games
  Episode 41 - Homebrew Games ━━━━━━━━━━━━━━━━━━━ 28.9/28.9 MB 49.7 MB/s 0:00:00
✓ Downloaded: Episode 41 - Homebrew Games

[71/110] Episode 40 - Die on this Hill: Hook
  Episode 40 - Die on this Hill: Hook ━━━━━━━━━━━━ 33.7/33.7   30.2 MB/s 0:00:00
                                                   MB                           
✓ Downloaded: Episode 40 - Die on this Hill: Hook

[72/110] Episode 39 - Operator Spotlight: Flip a Coin
  Episode 39 - Operator Spotlight: Flip a  ━━━━━━━━━ 32.9/32.9 24.1 MB/s 0:00:00
                                                     MB                         
✓ Downloaded: Episode 39 - Operator Spotlight: Flip a Coin

[73/110] Episode 38 - Die on this Hill: Orbitor 1
  Episode 38 - Die on this Hill: Orbitor 1 ━━━━━━━━━ 27.7/27.7 43.9 MB/s 0:00:00
                                                     MB                         
✓ Downloaded: Episode 38 - Die on this Hill: Orbitor 1

[74/110] Episode 37 - Operator Spotlight: Walt's
  Episode 37 - Operator Spotlight: Walt's ━━━━━━━━━━ 31.4/31.4 43.2 MB/s 0:00:00
                                                     MB                         
✓ Downloaded: Episode 37 - Operator Spotlight: Walt's

[75/110] Episode 36 - Die on this Hill: Lethal Weapon 3
  Episode 36 - Die on this Hill: Lethal We ━━━━━━━━━ 30.8/30.8 31.1 MB/s 0:00:00
                                                     MB                         
✓ Downloaded: Episode 36 - Die on this Hill: Lethal Weapon 3

[76/110] Episode 35 - Payment Systems
  Episode 35 - Payment Systems ━━━━━━━━━━━━━━━━━━ 39.2/39.2 MB 56.3 MB/s 0:00:00
✓ Downloaded: Episode 35 - Payment Systems

[77/110] Episode 34 - Pinball Restoration
  Episode 34 - Pinball Restoration ━━━━━━━━━━━━━━ 37.3/37.3 MB 62.4 MB/s 0:00:00
✓ Downloaded: Episode 34 - Pinball Restoration

[78/110] Episode 33 - Die on this Hill: A Nightmare on Elm Street
  Episode 33 - Die on this Hill: A Nightma ━━━━━━━━━ 39.0/39.0 46.1 MB/s 0:00:00
                                                     MB                         
✓ Downloaded: Episode 33 - Die on this Hill: A Nightmare on Elm Street

[79/110] Episode 32 - Stern's 'Miracle' Year
  Episode 32 - Stern's 'Miracle' Year ━━━━━━━━━━━━ 41.8/41.8   46.1 MB/s 0:00:00
                                                   MB                           
✓ Downloaded: Episode 32 - Stern's 'Miracle' Year

[80/110] Episode 31 - Operator Spotlight: Propeller Arcade
  Episode 31 - Operator Spotlight: Propell ━━━━━━━━━ 38.9/38.9 36.0 MB/s 0:00:00
                                                     MB                         
✓ Downloaded: Episode 31 - Operator Spotlight: Propeller Arcade

[81/110] Episode 30 - Throwback Games
  Episode 30 - Throwback Games ━━━━━━━━━━━━━━━━━━ 32.8/32.8 MB 49.5 MB/s 0:00:00
✓ Downloaded: Episode 30 - Throwback Games

[82/110] Episode 29 - Modern Pinball
  Episode 29 - Modern Pinball ━━━━━━━━━━━━━━━━━━━ 43.7/43.7 MB 41.0 MB/s 0:00:00
✓ Downloaded: Episode 29 - Modern Pinball

[83/110] Episode 28 - Die on this Hill: Sharkey's Shootout
  Episode 28 - Die on this Hill: Sharkey's ━━━━━━━━━ 27.1/27.1 28.7 MB/s 0:00:00
                                                     MB                         
✓ Downloaded: Episode 28 - Die on this Hill: Sharkey's Shootout

[84/110] Episode 27 - Operator Spotlight: Pinball Over Boston
  Episode 27 - Operator Spotlight: Pinball ━━━━━━━━━ 37.1/37.1 31.5 MB/s 0:00:00
                                                     MB                         
✓ Downloaded: Episode 27 - Operator Spotlight: Pinball Over Boston

[85/110] Episode 26 - Die on this Hill: Space Jam
  Episode 26 - Die on this Hill: Space Jam ━━━━━━━━━ 29.4/29.4 46.4 MB/s 0:00:00
                                                     MB                         
✓ Downloaded: Episode 26 - Die on this Hill: Space Jam

[86/110] Episode 25 - Operator Spotlight: Inner Orbit
  Episode 25 - Operator Spotlight: Inner O ━━━━━━━━━ 34.9/34.9 55.1 MB/s 0:00:00
                                                     MB                         
✓ Downloaded: Episode 25 - Operator Spotlight: Inner Orbit

[87/110] Episode 24 - Pinball Setup
  Episode 24 - Pinball Setup ━━━━━━━━━━━━━━━━━━━━ 43.2/43.2 MB 38.7 MB/s 0:00:00
✓ Downloaded: Episode 24 - Pinball Setup

[88/110] Episode 23 - How to Talk to an Operator
  Episode 23 - How to Talk to an Operator ━━━━━━━━━━ 34.3/34.3 41.2 MB/s 0:00:00
                                                     MB                         
✓ Downloaded: Episode 23 - How to Talk to an Operator

[89/110] Episode 22 - Die on this Hill: Sinbad
  Episode 22 - Die on this Hill: Sinbad ━━━━━━━━━━ 24.2/24.2   30.6 MB/s 0:00:00
                                                   MB                           
✓ Downloaded: Episode 22 - Die on this Hill: Sinbad

[90/110] Episode 21 - Harry Williams: Pinball Prophet w/ Roger Sharpe
  Episode 21 - Harry Williams: Pinball Pro ━━━━━━━━━ 55.0/55.0 38.2 MB/s 0:00:00
                                                     MB                         
✓ Downloaded: Episode 21 - Harry Williams: Pinball Prophet w/ Roger Sharpe

[91/110] Episode 20 - Operator Spotlight: Electric Bat Arcade
  Episode 20 - Operator Spotlight: Electri ━━━━━━━━━ 35.4/35.4 38.5 MB/s 0:00:00
                                                     MB                         
✓ Downloaded: Episode 20 - Operator Spotlight: Electric Bat Arcade

[92/110] Episode 19 - Die on this Hill: Bad Cats
  Episode 19 - Die on this Hill: Bad Cats ━━━━━━━━━━ 21.4/21.4 46.8 MB/s 0:00:00
                                                     MB                         
✓ Downloaded: Episode 19 - Die on this Hill: Bad Cats

[93/110] Episode 18 - The Susan B. Anthony Years / Bally
  Episode 18 - The Susan B. Anthony Years  ━━━━━━━━━ 40.0/40.0 55.8 MB/s 0:00:00
                                                     MB                         
✓ Downloaded: Episode 18 - The Susan B. Anthony Years / Bally

[94/110] Episode 17 - Extra Button Gimmicks
  Episode 17 - Extra Button Gimmicks ━━━━━━━━━━━━ 29.4/29.4 MB 39.9 MB/s 0:00:00
✓ Downloaded: Episode 17 - Extra Button Gimmicks

[95/110] Episode 16 - So You Wanna Buy a Pinball Machine?
  Episode 16 - So You Wanna Buy a Pinball  ━━━━━━━━━ 29.5/29.5 34.5 MB/s 0:00:00
                                                     MB                         
✓ Downloaded: Episode 16 - So You Wanna Buy a Pinball Machine?

[96/110] Episode 15 - Die on this Hill: No Fear
  Episode 15 - Die on this Hill: No Fear ━━━━━━━━━━ 28.8/28.8  47.6 MB/s 0:00:00
                                                    MB                          
✓ Downloaded: Episode 15 - Die on this Hill: No Fear

[97/110] Episode 14 - So You Wanna Play Pinball?
  Episode 14 - So You Wanna Play Pinball? ━━━━━━━━━━ 30.0/30.0 50.5 MB/s 0:00:00
                                                     MB                         
✓ Downloaded: Episode 14 - So You Wanna Play Pinball?

[98/110] Episode 13 - Superpins
  Episode 13 - Superpins ━━━━━━━━━━━━━━━━━━━━━━━━ 37.0/37.0 MB 37.6 MB/s 0:00:00
✓ Downloaded: Episode 13 - Superpins

[99/110] Episode 12 - Die on this Hill: WWF Royal Rumble
  Episode 12 - Die on this Hill: WWF Royal ━━━━━━━━━ 20.7/20.7 42.4 MB/s 0:00:00
                                                     MB                         
✓ Downloaded: Episode 12 - Die on this Hill: WWF Royal Rumble

[100/110] Episode 11 - Life of a Former Pinball Programmer
  Episode 11 - Life of a Former Pinball Pr ━━━━━━━━━ 31.4/31.4 33.8 MB/s 0:00:00
                                                     MB                         
✓ Downloaded: Episode 11 - Life of a Former Pinball Programmer

[101/110] Episode 10 - Die on this Hill: Popeye Saves the Earth
  Episode 10 - Die on this Hill: Popeye Sa ━━━━━━━━━ 32.1/32.1 54.5 MB/s 0:00:00
                                                     MB                         
✓ Downloaded: Episode 10 - Die on this Hill: Popeye Saves the Earth

[102/110] Episode 9 - Operator Spotlight: Pop's Pinball Parlor
  Episode 9 - Operator Spotlight: Pop's Pi ━━━━━━━━━ 31.8/31.8 45.7 MB/s 0:00:00
                                                     MB                         
✓ Downloaded: Episode 9 - Operator Spotlight: Pop's Pinball Parlor

[103/110] Episode 8 - Pinball Terminology Explained (new players start here)
  Episode 8 - Pinball Terminology Explaine ━━━━━━━━━ 29.2/29.2 45.1 MB/s 0:00:00
                                                     MB                         
✓ Downloaded: Episode 8 - Pinball Terminology Explained (new players start here)

[104/110] Episode 7 - Die on this Hill: Gilligan's Island
  Episode 7 - Die on this Hill: Gilligan's ━━━━━━━━━ 18.5/18.5 34.7 MB/s 0:00:00
                                                     MB                         
✓ Downloaded: Episode 7 - Die on this Hill: Gilligan's Island

[105/110] Episode 6 - Howdy Pardner!
  Episode 6 - Howdy Pardner! ━━━━━━━━━━━━━━━━━━━━ 27.0/27.0 MB 44.1 MB/s 0:00:00
✓ Downloaded: Episode 6 - Howdy Pardner!

[106/110] Episode 5 - Video Modes
  Episode 5 - Video Modes ━━━━━━━━━━━━━━━━━━━━━━━ 24.8/24.8 MB 35.6 MB/s 0:00:00
✓ Downloaded: Episode 5 - Video Modes

[107/110] Episode 4 - The Brief History of Wedgehead
  Episode 4 - The Brief History of Wedgehe ━━━━━━━━━ 22.6/22.6 32.4 MB/s 0:00:00
                                                     MB                         
✓ Downloaded: Episode 4 - The Brief History of Wedgehead

[108/110] Episode 3 - Boutique Manufacturers
  Episode 3 - Boutique Manufacturers ━━━━━━━━━━━━ 23.4/23.4 MB 39.1 MB/s 0:00:00
✓ Downloaded: Episode 3 - Boutique Manufacturers

[109/110] Episode 2 - The Ritchie Brothers Steve vs. Mark
  Episode 2 - The Ritchie Brothers Steve v ━━━━━━━━━ 37.4/37.4 44.7 MB/s 0:00:00
                                                     MB                         
✓ Downloaded: Episode 2 - The Ritchie Brothers Steve vs. Mark

[110/110] Episode 1 - Lightning Flippers
  Episode 1 - Lightning Flippers ━━━━━━━━━━━━━━━━ 23.2/23.2 MB 50.5 MB/s 0:00:00
✓ Downloaded: Episode 1 - Lightning Flippers
✓ Podcast download complete: Wedgehead Pinball Podcast
